{"/home/travis/build/npmtest/node-npmtest-ionic-native-transitions/test.js":{"path":"/home/travis/build/npmtest/node-npmtest-ionic-native-transitions/test.js","s":{"1":2,"2":2,"3":2,"4":2,"5":2,"6":2,"7":2,"8":1,"9":2,"10":2,"11":1,"12":1,"13":1,"14":1,"15":2,"16":2,"17":2,"18":2,"19":1,"20":1,"21":2,"22":2,"23":2,"24":1,"25":1,"26":1,"27":1,"28":1,"29":1,"30":1,"31":1,"32":1,"33":1,"34":1,"35":1,"36":1,"37":1,"38":1,"39":2,"40":2,"41":1,"42":2,"43":2,"44":1,"45":2,"46":2,"47":1,"48":2,"49":2,"50":1,"51":1,"52":1,"53":1,"54":1},"b":{"1":[2,1,1,1],"2":[1,1,1,1],"3":[1,1],"4":[1,1],"5":[1,1],"6":[1,1],"7":[1,1],"8":[1,1],"9":[1,1],"10":[1,1,1],"11":[1,1],"12":[1,1],"13":[1,1],"14":[1,1],"15":[1,1],"16":[1,1],"17":[1,1]},"f":{"1":2,"2":2,"3":2,"4":2,"5":2,"6":1,"7":1,"8":1,"9":2,"10":2,"11":2,"12":2,"13":1},"fnMap":{"1":{"name":"(anonymous_1)","line":12,"loc":{"start":{"line":12,"column":1},"end":{"line":12,"column":13}}},"2":{"name":"(anonymous_2)","line":19,"loc":{"start":{"line":19,"column":5},"end":{"line":19,"column":17}}},"3":{"name":"(anonymous_3)","line":23,"loc":{"start":{"line":23,"column":24},"end":{"line":23,"column":36}}},"4":{"name":"(anonymous_4)","line":61,"loc":{"start":{"line":61,"column":5},"end":{"line":61,"column":17}}},"5":{"name":"(anonymous_5)","line":82,"loc":{"start":{"line":82,"column":5},"end":{"line":82,"column":17}}},"6":{"name":"(anonymous_6)","line":91,"loc":{"start":{"line":91,"column":77},"end":{"line":94,"column":10}}},"7":{"name":"(anonymous_7)","line":112,"loc":{"start":{"line":112,"column":83},"end":{"line":115,"column":10}},"skip":true},"8":{"name":"(anonymous_8)","line":123,"loc":{"start":{"line":123,"column":77},"end":{"line":126,"column":10}},"skip":true},"9":{"name":"(anonymous_9)","line":139,"loc":{"start":{"line":139,"column":12},"end":{"line":139,"column":40}},"skip":true},"10":{"name":"(anonymous_10)","line":147,"loc":{"start":{"line":147,"column":77},"end":{"line":150,"column":10}},"skip":true},"11":{"name":"(anonymous_11)","line":158,"loc":{"start":{"line":158,"column":83},"end":{"line":161,"column":10}},"skip":true},"12":{"name":"(anonymous_12)","line":169,"loc":{"start":{"line":169,"column":79},"end":{"line":172,"column":10}},"skip":true},"13":{"name":"(anonymous_13)","line":180,"loc":{"start":{"line":180,"column":75},"end":{"line":183,"column":10}},"skip":true}},"statementMap":{"1":{"start":{"line":12,"column":0},"end":{"line":195,"column":5}},"2":{"start":{"line":14,"column":4},"end":{"line":14,"column":14}},"3":{"start":{"line":19,"column":4},"end":{"line":56,"column":9}},"4":{"start":{"line":21,"column":8},"end":{"line":21,"column":19}},"5":{"start":{"line":23,"column":8},"end":{"line":35,"column":13}},"6":{"start":{"line":24,"column":12},"end":{"line":34,"column":13}},"7":{"start":{"line":25,"column":16},"end":{"line":28,"column":30}},"8":{"start":{"line":30,"column":16},"end":{"line":33,"column":27}},"9":{"start":{"line":37,"column":8},"end":{"line":39,"column":21}},"10":{"start":{"line":40,"column":8},"end":{"line":53,"column":9}},"11":{"start":{"line":43,"column":12},"end":{"line":46,"column":14}},"12":{"start":{"line":47,"column":12},"end":{"line":47,"column":18}},"13":{"start":{"line":50,"column":12},"end":{"line":51,"column":46}},"14":{"start":{"line":52,"column":12},"end":{"line":52,"column":18}},"15":{"start":{"line":55,"column":8},"end":{"line":55,"column":35}},"16":{"start":{"line":61,"column":4},"end":{"line":63,"column":9}},"17":{"start":{"line":62,"column":8},"end":{"line":62,"column":15}},"18":{"start":{"line":64,"column":4},"end":{"line":77,"column":5}},"19":{"start":{"line":70,"column":8},"end":{"line":70,"column":14}},"20":{"start":{"line":76,"column":8},"end":{"line":76,"column":14}},"21":{"start":{"line":82,"column":4},"end":{"line":84,"column":9}},"22":{"start":{"line":83,"column":8},"end":{"line":83,"column":15}},"23":{"start":{"line":85,"column":4},"end":{"line":194,"column":5}},"24":{"start":{"line":91,"column":8},"end":{"line":99,"column":10}},"25":{"start":{"line":98,"column":12},"end":{"line":98,"column":35}},"26":{"start":{"line":102,"column":8},"end":{"line":104,"column":63}},"27":{"start":{"line":105,"column":8},"end":{"line":105,"column":14}},"28":{"start":{"line":112,"column":8},"end":{"line":121,"column":10},"skip":true},"29":{"start":{"line":119,"column":12},"end":{"line":119,"column":55},"skip":true},"30":{"start":{"line":120,"column":12},"end":{"line":120,"column":48},"skip":true},"31":{"start":{"line":123,"column":8},"end":{"line":136,"column":10},"skip":true},"32":{"start":{"line":130,"column":12},"end":{"line":130,"column":76},"skip":true},"33":{"start":{"line":131,"column":12},"end":{"line":131,"column":73},"skip":true},"34":{"start":{"line":132,"column":12},"end":{"line":132,"column":74},"skip":true},"35":{"start":{"line":133,"column":12},"end":{"line":133,"column":79},"skip":true},"36":{"start":{"line":134,"column":12},"end":{"line":134,"column":25},"skip":true},"37":{"start":{"line":135,"column":12},"end":{"line":135,"column":45},"skip":true},"38":{"start":{"line":138,"column":8},"end":{"line":145,"column":14},"skip":true},"39":{"start":{"line":143,"column":16},"end":{"line":143,"column":29},"skip":true},"40":{"start":{"line":144,"column":16},"end":{"line":144,"column":55},"skip":true},"41":{"start":{"line":147,"column":8},"end":{"line":156,"column":10},"skip":true},"42":{"start":{"line":154,"column":12},"end":{"line":154,"column":25},"skip":true},"43":{"start":{"line":155,"column":12},"end":{"line":155,"column":45},"skip":true},"44":{"start":{"line":158,"column":8},"end":{"line":167,"column":10},"skip":true},"45":{"start":{"line":165,"column":12},"end":{"line":165,"column":25},"skip":true},"46":{"start":{"line":166,"column":12},"end":{"line":166,"column":48},"skip":true},"47":{"start":{"line":169,"column":8},"end":{"line":178,"column":10},"skip":true},"48":{"start":{"line":176,"column":12},"end":{"line":176,"column":25},"skip":true},"49":{"start":{"line":177,"column":12},"end":{"line":177,"column":46},"skip":true},"50":{"start":{"line":180,"column":8},"end":{"line":189,"column":10},"skip":true},"51":{"start":{"line":187,"column":12},"end":{"line":187,"column":94},"skip":true},"52":{"start":{"line":188,"column":12},"end":{"line":188,"column":48},"skip":true},"53":{"start":{"line":192,"column":8},"end":{"line":192,"column":35},"skip":true},"54":{"start":{"line":193,"column":8},"end":{"line":193,"column":14},"skip":true}},"branchMap":{"1":{"line":25,"type":"binary-expr","locations":[{"start":{"line":25,"column":23},"end":{"line":25,"column":62}},{"start":{"line":26,"column":20},"end":{"line":26,"column":70}},{"start":{"line":27,"column":20},"end":{"line":27,"column":71}},{"start":{"line":28,"column":20},"end":{"line":28,"column":29}}]},"2":{"line":30,"type":"binary-expr","locations":[{"start":{"line":30,"column":23},"end":{"line":30,"column":37}},{"start":{"line":31,"column":20},"end":{"line":31,"column":61}},{"start":{"line":32,"column":20},"end":{"line":32,"column":70}},{"start":{"line":33,"column":20},"end":{"line":33,"column":26}}]},"3":{"line":37,"type":"cond-expr","locations":[{"start":{"line":38,"column":14},"end":{"line":38,"column":20}},{"start":{"line":39,"column":14},"end":{"line":39,"column":20}}]},"4":{"line":40,"type":"switch","locations":[{"start":{"line":42,"column":8},"end":{"line":47,"column":18}},{"start":{"line":49,"column":8},"end":{"line":52,"column":18}}]},"5":{"line":44,"type":"binary-expr","locations":[{"start":{"line":44,"column":16},"end":{"line":44,"column":44}},{"start":{"line":44,"column":48},"end":{"line":44,"column":66}}]},"6":{"line":50,"type":"binary-expr","locations":[{"start":{"line":50,"column":21},"end":{"line":50,"column":49}},{"start":{"line":50,"column":53},"end":{"line":50,"column":72}}]},"7":{"line":64,"type":"switch","locations":[{"start":{"line":69,"column":4},"end":{"line":70,"column":14}},{"start":{"line":75,"column":4},"end":{"line":76,"column":14}}]},"8":{"line":85,"type":"switch","locations":[{"start":{"line":90,"column":4},"end":{"line":105,"column":14}},{"start":{"line":111,"column":4},"end":{"line":193,"column":14},"skip":true}]},"9":{"line":91,"type":"binary-expr","locations":[{"start":{"line":91,"column":42},"end":{"line":91,"column":73}},{"start":{"line":91,"column":77},"end":{"line":99,"column":9}}]},"10":{"line":102,"type":"binary-expr","locations":[{"start":{"line":102,"column":18},"end":{"line":102,"column":32}},{"start":{"line":103,"column":12},"end":{"line":103,"column":53}},{"start":{"line":104,"column":12},"end":{"line":104,"column":61}}]},"11":{"line":112,"type":"binary-expr","locations":[{"start":{"line":112,"column":45},"end":{"line":112,"column":79},"skip":true},{"start":{"line":112,"column":83},"end":{"line":121,"column":9},"skip":true}]},"12":{"line":123,"type":"binary-expr","locations":[{"start":{"line":123,"column":42},"end":{"line":123,"column":73},"skip":true},{"start":{"line":123,"column":77},"end":{"line":136,"column":9},"skip":true}]},"13":{"line":138,"type":"binary-expr","locations":[{"start":{"line":138,"column":48},"end":{"line":138,"column":85},"skip":true},{"start":{"line":139,"column":12},"end":{"line":145,"column":13},"skip":true}]},"14":{"line":147,"type":"binary-expr","locations":[{"start":{"line":147,"column":42},"end":{"line":147,"column":73},"skip":true},{"start":{"line":147,"column":77},"end":{"line":156,"column":9},"skip":true}]},"15":{"line":158,"type":"binary-expr","locations":[{"start":{"line":158,"column":45},"end":{"line":158,"column":79},"skip":true},{"start":{"line":158,"column":83},"end":{"line":167,"column":9},"skip":true}]},"16":{"line":169,"type":"binary-expr","locations":[{"start":{"line":169,"column":43},"end":{"line":169,"column":75},"skip":true},{"start":{"line":169,"column":79},"end":{"line":178,"column":9},"skip":true}]},"17":{"line":180,"type":"binary-expr","locations":[{"start":{"line":180,"column":41},"end":{"line":180,"column":71},"skip":true},{"start":{"line":180,"column":75},"end":{"line":189,"column":9},"skip":true}]}},"code":["/* istanbul instrument in package npmtest_ionic_native_transitions */","/*jslint","    bitwise: true,","    browser: true,","    maxerr: 8,","    maxlen: 96,","    node: true,","    nomen: true,","    regexp: true,","    stupid: true","*/","(function () {","    'use strict';","    var local;","","","","    // run shared js-env code - pre-init","    (function () {","        // init local","        local = {};","        // init modeJs","        local.modeJs = (function () {","            try {","                return typeof navigator.userAgent === 'string' &&","                    typeof document.querySelector('body') === 'object' &&","                    typeof XMLHttpRequest.prototype.open === 'function' &&","                    'browser';","            } catch (errorCaughtBrowser) {","                return module.exports &&","                    typeof process.versions.node === 'string' &&","                    typeof require('http').createServer === 'function' &&","                    'node';","            }","        }());","        // init global","        local.global = local.modeJs === 'browser'","            ? window","            : global;","        switch (local.modeJs) {","        // re-init local from window.local","        case 'browser':","            local = local.global.utility2.objectSetDefault(","                local.global.utility2_rollup || local.global.local,","                local.global.utility2","            );","            break;","        // re-init local from example.js","        case 'node':","            local = (local.global.utility2_rollup || require('utility2'))","                .requireExampleJsFromReadme();","            break;","        }","        // export local","        local.global.local = local;","    }());","","","","    // run shared js-env code - function","    (function () {","        return;","    }());","    switch (local.modeJs) {","","","","    // run browser js-env code - function","    case 'browser':","        break;","","","","    // run node js-env code - function","    case 'node':","        break;","    }","","","","    // run shared js-env code - post-init","    (function () {","        return;","    }());","    switch (local.modeJs) {","","","","    // run browser js-env code - post-init","    case 'browser':","        local.testCase_browser_nullCase = local.testCase_browser_nullCase || function (","            options,","            onError","        ) {","        /*","         * this function will test browsers's null-case handling-behavior-behavior","         */","            onError(null, options);","        };","","        // run tests","        local.nop(local.modeTest &&","            document.querySelector('#testRunButton1') &&","            document.querySelector('#testRunButton1').click());","        break;","","","","    // run node js-env code - post-init","    /* istanbul ignore next */","    case 'node':","        local.testCase_buildApidoc_default = local.testCase_buildApidoc_default || function (","            options,","            onError","        ) {","        /*","         * this function will test buildApidoc's default handling-behavior-behavior","         */","            options = { modulePathList: module.paths };","            local.buildApidoc(options, onError);","        };","","        local.testCase_buildApp_default = local.testCase_buildApp_default || function (","            options,","            onError","        ) {","        /*","         * this function will test buildApp's default handling-behavior-behavior","         */","            local.testCase_buildReadme_default(options, local.onErrorThrow);","            local.testCase_buildLib_default(options, local.onErrorThrow);","            local.testCase_buildTest_default(options, local.onErrorThrow);","            local.testCase_buildCustomOrg_default(options, local.onErrorThrow);","            options = [];","            local.buildApp(options, onError);","        };","","        local.testCase_buildCustomOrg_default = local.testCase_buildCustomOrg_default ||","            function (options, onError) {","            /*","             * this function will test buildCustomOrg's default handling-behavior","             */","                options = {};","                local.buildCustomOrg(options, onError);","            };","","        local.testCase_buildLib_default = local.testCase_buildLib_default || function (","            options,","            onError","        ) {","        /*","         * this function will test buildLib's default handling-behavior","         */","            options = {};","            local.buildLib(options, onError);","        };","","        local.testCase_buildReadme_default = local.testCase_buildReadme_default || function (","            options,","            onError","        ) {","        /*","         * this function will test buildReadme's default handling-behavior-behavior","         */","            options = {};","            local.buildReadme(options, onError);","        };","","        local.testCase_buildTest_default = local.testCase_buildTest_default || function (","            options,","            onError","        ) {","        /*","         * this function will test buildTest's default handling-behavior","         */","            options = {};","            local.buildTest(options, onError);","        };","","        local.testCase_webpage_default = local.testCase_webpage_default || function (","            options,","            onError","        ) {","        /*","         * this function will test webpage's default handling-behavior","         */","            options = { modeCoverageMerge: true, url: local.serverLocalHost + '?modeTest=1' };","            local.browserTest(options, onError);","        };","","        // run test-server","        local.testRunServer(local);","        break;","    }","}());",""],"l":{"12":2,"14":2,"19":2,"21":2,"23":2,"24":2,"25":2,"30":1,"37":2,"40":2,"43":1,"47":1,"50":1,"52":1,"55":2,"61":2,"62":2,"64":2,"70":1,"76":1,"82":2,"83":2,"85":2,"91":1,"98":1,"102":1,"105":1,"112":1,"119":1,"120":1,"123":1,"130":1,"131":1,"132":1,"133":1,"134":1,"135":1,"138":1,"143":2,"144":2,"147":1,"154":2,"155":2,"158":1,"165":2,"166":2,"169":1,"176":2,"177":2,"180":1,"187":1,"188":1,"192":1,"193":1}},"/home/travis/build/npmtest/node-npmtest-ionic-native-transitions/lib.npmtest_ionic_native_transitions.js":{"path":"/home/travis/build/npmtest/node-npmtest-ionic-native-transitions/lib.npmtest_ionic_native_transitions.js","s":{"1":2,"2":2,"3":2,"4":2,"5":2,"6":2,"7":2,"8":1,"9":2,"10":2,"11":2,"12":2,"13":1,"14":1,"15":1,"16":1},"b":{"1":[2,1,1,1],"2":[1,1,1,1],"3":[1,1],"4":[2,2],"5":[1,1]},"f":{"1":2,"2":2,"3":2},"fnMap":{"1":{"name":"(anonymous_1)","line":12,"loc":{"start":{"line":12,"column":1},"end":{"line":12,"column":13}}},"2":{"name":"(anonymous_2)","line":19,"loc":{"start":{"line":19,"column":5},"end":{"line":19,"column":17}}},"3":{"name":"(anonymous_3)","line":23,"loc":{"start":{"line":23,"column":24},"end":{"line":23,"column":36}}}},"statementMap":{"1":{"start":{"line":12,"column":0},"end":{"line":53,"column":5}},"2":{"start":{"line":14,"column":4},"end":{"line":14,"column":14}},"3":{"start":{"line":19,"column":4},"end":{"line":52,"column":9}},"4":{"start":{"line":21,"column":8},"end":{"line":21,"column":19}},"5":{"start":{"line":23,"column":8},"end":{"line":35,"column":13}},"6":{"start":{"line":24,"column":12},"end":{"line":34,"column":13}},"7":{"start":{"line":25,"column":16},"end":{"line":28,"column":30}},"8":{"start":{"line":30,"column":16},"end":{"line":33,"column":27}},"9":{"start":{"line":37,"column":8},"end":{"line":39,"column":21}},"10":{"start":{"line":41,"column":8},"end":{"line":41,"column":54}},"11":{"start":{"line":43,"column":8},"end":{"line":43,"column":69}},"12":{"start":{"line":45,"column":8},"end":{"line":51,"column":9}},"13":{"start":{"line":46,"column":12},"end":{"line":46,"column":75}},"14":{"start":{"line":48,"column":12},"end":{"line":48,"column":35}},"15":{"start":{"line":49,"column":12},"end":{"line":49,"column":49}},"16":{"start":{"line":50,"column":12},"end":{"line":50,"column":43}}},"branchMap":{"1":{"line":25,"type":"binary-expr","locations":[{"start":{"line":25,"column":23},"end":{"line":25,"column":62}},{"start":{"line":26,"column":20},"end":{"line":26,"column":70}},{"start":{"line":27,"column":20},"end":{"line":27,"column":71}},{"start":{"line":28,"column":20},"end":{"line":28,"column":29}}]},"2":{"line":30,"type":"binary-expr","locations":[{"start":{"line":30,"column":23},"end":{"line":30,"column":37}},{"start":{"line":31,"column":20},"end":{"line":31,"column":61}},{"start":{"line":32,"column":20},"end":{"line":32,"column":70}},{"start":{"line":33,"column":20},"end":{"line":33,"column":26}}]},"3":{"line":37,"type":"cond-expr","locations":[{"start":{"line":38,"column":14},"end":{"line":38,"column":20}},{"start":{"line":39,"column":14},"end":{"line":39,"column":20}}]},"4":{"line":41,"type":"binary-expr","locations":[{"start":{"line":41,"column":16},"end":{"line":41,"column":44}},{"start":{"line":41,"column":48},"end":{"line":41,"column":53}}]},"5":{"line":45,"type":"if","locations":[{"start":{"line":45,"column":8},"end":{"line":45,"column":8}},{"start":{"line":45,"column":8},"end":{"line":45,"column":8}}]}},"code":["/* istanbul instrument in package npmtest_ionic_native_transitions */","/*jslint","    bitwise: true,","    browser: true,","    maxerr: 8,","    maxlen: 96,","    node: true,","    nomen: true,","    regexp: true,","    stupid: true","*/","(function () {","    'use strict';","    var local;","","","","    // run shared js-env code - pre-init","    (function () {","        // init local","        local = {};","        // init modeJs","        local.modeJs = (function () {","            try {","                return typeof navigator.userAgent === 'string' &&","                    typeof document.querySelector('body') === 'object' &&","                    typeof XMLHttpRequest.prototype.open === 'function' &&","                    'browser';","            } catch (errorCaughtBrowser) {","                return module.exports &&","                    typeof process.versions.node === 'string' &&","                    typeof require('http').createServer === 'function' &&","                    'node';","            }","        }());","        // init global","        local.global = local.modeJs === 'browser'","            ? window","            : global;","        // init utility2_rollup","        local = local.global.utility2_rollup || local;","        // init lib","        local.local = local.npmtest_ionic_native_transitions = local;","        // init exports","        if (local.modeJs === 'browser') {","            local.global.utility2_npmtest_ionic_native_transitions = local;","        } else {","            module.exports = local;","            module.exports.__dirname = __dirname;","            module.exports.module = module;","        }","    }());","}());",""],"l":{"12":2,"14":2,"19":2,"21":2,"23":2,"24":2,"25":2,"30":1,"37":2,"41":2,"43":2,"45":2,"46":1,"48":1,"49":1,"50":1}},"/home/travis/build/npmtest/node-npmtest-ionic-native-transitions/example.js":{"path":"/home/travis/build/npmtest/node-npmtest-ionic-native-transitions/example.js","s":{"1":2,"2":2,"3":2,"4":2,"5":2,"6":2,"7":2,"8":1,"9":2,"10":2,"11":2,"12":2,"13":1,"14":2,"15":2,"16":2,"17":2,"18":2,"19":0,"20":2,"21":1,"22":1,"23":1,"24":1,"25":1,"26":0,"27":0,"28":1,"29":1,"30":2,"31":0,"32":0,"33":0,"34":1,"35":2,"36":2,"37":3,"38":3,"39":3,"40":3,"41":0,"42":3,"43":3,"44":3,"45":1,"46":3,"47":1,"48":1,"49":1,"50":1,"51":1,"52":1,"53":1,"54":1,"55":1,"56":1,"57":0,"58":1,"59":6,"60":6,"61":1,"62":2,"63":0,"64":2,"65":1,"66":1,"67":0,"68":0,"69":0,"70":0,"71":0,"72":0,"73":0,"74":0,"75":0,"76":0,"77":0,"78":0,"79":0,"80":0,"81":0,"82":0,"83":0},"b":{"1":[2,1,1,1],"2":[1,1,1,1],"3":[1,1],"4":[2,2],"5":[1,1],"6":[1,1],"7":[2,0],"8":[2,1,1,1,1,1],"9":[0,2,0],"10":[1,1],"11":[2,1,1],"12":[1,0],"13":[0,2],"14":[2,0,0,0,0,0,0],"15":[0,3],"16":[3,0],"17":[1,1],"18":[0,1],"19":[1,2,0,2],"20":[1,0],"21":[1,1],"22":[0,0],"23":[0,0],"24":[0,0],"25":[0,0],"26":[0,0],"27":[0,0],"28":[0,0]},"f":{"1":2,"2":2,"3":2,"4":2,"5":2,"6":2,"7":3,"8":3,"9":3,"10":1,"11":6,"12":0},"fnMap":{"1":{"name":"(anonymous_1)","line":26,"loc":{"start":{"line":26,"column":1},"end":{"line":26,"column":13}}},"2":{"name":"(anonymous_2)","line":33,"loc":{"start":{"line":33,"column":5},"end":{"line":33,"column":17}}},"3":{"name":"(anonymous_3)","line":37,"loc":{"start":{"line":37,"column":24},"end":{"line":37,"column":36}}},"4":{"name":"(anonymous_4)","line":69,"loc":{"start":{"line":69,"column":31},"end":{"line":69,"column":48}},"skip":true},"5":{"name":"(anonymous_5)","line":78,"loc":{"start":{"line":78,"column":26},"end":{"line":78,"column":45}},"skip":true},"6":{"name":"(anonymous_6)","line":123,"loc":{"start":{"line":123,"column":33},"end":{"line":123,"column":48}},"skip":true},"7":{"name":"(anonymous_7)","line":125,"loc":{"start":{"line":125,"column":27},"end":{"line":125,"column":39}},"skip":true},"8":{"name":"(anonymous_8)","line":133,"loc":{"start":{"line":133,"column":59},"end":{"line":133,"column":74}},"skip":true},"9":{"name":"(anonymous_9)","line":143,"loc":{"start":{"line":143,"column":45},"end":{"line":143,"column":62}},"skip":true},"10":{"name":"(anonymous_10)","line":144,"loc":{"start":{"line":144,"column":73},"end":{"line":144,"column":92}},"skip":true},"11":{"name":"(anonymous_11)","line":272,"loc":{"start":{"line":272,"column":51},"end":{"line":272,"column":77}},"skip":true},"12":{"name":"(anonymous_12)","line":315,"loc":{"start":{"line":315,"column":32},"end":{"line":315,"column":61}},"skip":true}},"statementMap":{"1":{"start":{"line":26,"column":0},"end":{"line":326,"column":5}},"2":{"start":{"line":28,"column":4},"end":{"line":28,"column":14}},"3":{"start":{"line":33,"column":4},"end":{"line":60,"column":9}},"4":{"start":{"line":35,"column":8},"end":{"line":35,"column":19}},"5":{"start":{"line":37,"column":8},"end":{"line":49,"column":13}},"6":{"start":{"line":38,"column":12},"end":{"line":48,"column":13}},"7":{"start":{"line":39,"column":16},"end":{"line":42,"column":30}},"8":{"start":{"line":44,"column":16},"end":{"line":47,"column":27}},"9":{"start":{"line":51,"column":8},"end":{"line":53,"column":21}},"10":{"start":{"line":55,"column":8},"end":{"line":57,"column":45}},"11":{"start":{"line":59,"column":8},"end":{"line":59,"column":35}},"12":{"start":{"line":61,"column":4},"end":{"line":325,"column":5}},"13":{"start":{"line":69,"column":8},"end":{"line":121,"column":10},"skip":true},"14":{"start":{"line":70,"column":12},"end":{"line":88,"column":13},"skip":true},"15":{"start":{"line":76,"column":16},"end":{"line":87,"column":19},"skip":true},"16":{"start":{"line":79,"column":20},"end":{"line":86,"column":21},"skip":true},"17":{"start":{"line":82,"column":24},"end":{"line":82,"column":43},"skip":true},"18":{"start":{"line":83,"column":24},"end":{"line":83,"column":30},"skip":true},"19":{"start":{"line":85,"column":24},"end":{"line":85,"column":49},"skip":true},"20":{"start":{"line":89,"column":12},"end":{"line":107,"column":13},"skip":true},"21":{"start":{"line":92,"column":16},"end":{"line":102,"column":17},"skip":true},"22":{"start":{"line":93,"column":20},"end":{"line":93,"column":86},"skip":true},"23":{"start":{"line":94,"column":20},"end":{"line":95,"column":45},"skip":true},"24":{"start":{"line":96,"column":20},"end":{"line":96,"column":42},"skip":true},"25":{"start":{"line":97,"column":20},"end":{"line":97,"column":48},"skip":true},"26":{"start":{"line":100,"column":20},"end":{"line":100,"column":85},"skip":true},"27":{"start":{"line":101,"column":20},"end":{"line":101,"column":96},"skip":true},"28":{"start":{"line":103,"column":16},"end":{"line":103,"column":22},"skip":true},"29":{"start":{"line":106,"column":16},"end":{"line":106,"column":22},"skip":true},"30":{"start":{"line":108,"column":12},"end":{"line":120,"column":13},"skip":true},"31":{"start":{"line":114,"column":16},"end":{"line":119,"column":17},"skip":true},"32":{"start":{"line":116,"column":20},"end":{"line":116,"column":78},"skip":true},"33":{"start":{"line":118,"column":20},"end":{"line":118,"column":47},"skip":true},"34":{"start":{"line":123,"column":8},"end":{"line":141,"column":11},"skip":true},"35":{"start":{"line":124,"column":12},"end":{"line":124,"column":54},"skip":true},"36":{"start":{"line":125,"column":12},"end":{"line":140,"column":14},"skip":true},"37":{"start":{"line":126,"column":16},"end":{"line":126,"column":28},"skip":true},"38":{"start":{"line":127,"column":16},"end":{"line":127,"column":69},"skip":true},"39":{"start":{"line":128,"column":16},"end":{"line":128,"column":75},"skip":true},"40":{"start":{"line":129,"column":16},"end":{"line":131,"column":17},"skip":true},"41":{"start":{"line":130,"column":20},"end":{"line":130,"column":27},"skip":true},"42":{"start":{"line":133,"column":16},"end":{"line":137,"column":36},"skip":true},"43":{"start":{"line":134,"column":20},"end":{"line":136,"column":55},"skip":true},"44":{"start":{"line":139,"column":16},"end":{"line":139,"column":57},"skip":true},"45":{"start":{"line":143,"column":8},"end":{"line":147,"column":11},"skip":true},"46":{"start":{"line":144,"column":12},"end":{"line":146,"column":15},"skip":true},"47":{"start":{"line":145,"column":16},"end":{"line":145,"column":70},"skip":true},"48":{"start":{"line":149,"column":8},"end":{"line":149,"column":31},"skip":true},"49":{"start":{"line":150,"column":8},"end":{"line":150,"column":14},"skip":true},"50":{"start":{"line":158,"column":8},"end":{"line":158,"column":31},"skip":true},"51":{"start":{"line":160,"column":8},"end":{"line":160,"column":33},"skip":true},"52":{"start":{"line":161,"column":8},"end":{"line":161,"column":37},"skip":true},"53":{"start":{"line":162,"column":8},"end":{"line":162,"column":35},"skip":true},"54":{"start":{"line":164,"column":8},"end":{"line":164,"column":50},"skip":true},"55":{"start":{"line":166,"column":8},"end":{"line":256,"column":2},"skip":true},"56":{"start":{"line":258,"column":8},"end":{"line":286,"column":9},"skip":true},"57":{"start":{"line":259,"column":12},"end":{"line":269,"column":14},"skip":true},"58":{"start":{"line":271,"column":12},"end":{"line":285,"column":19},"skip":true},"59":{"start":{"line":274,"column":20},"end":{"line":274,"column":35},"skip":true},"60":{"start":{"line":275,"column":20},"end":{"line":284,"column":21},"skip":true},"61":{"start":{"line":277,"column":24},"end":{"line":277,"column":64},"skip":true},"62":{"start":{"line":279,"column":24},"end":{"line":279,"column":40},"skip":true},"63":{"start":{"line":281,"column":24},"end":{"line":281,"column":40},"skip":true},"64":{"start":{"line":283,"column":24},"end":{"line":283,"column":39},"skip":true},"65":{"start":{"line":288,"column":8},"end":{"line":290,"column":9},"skip":true},"66":{"start":{"line":289,"column":12},"end":{"line":289,"column":18},"skip":true},"67":{"start":{"line":291,"column":8},"end":{"line":293,"column":54},"skip":true},"68":{"start":{"line":296,"column":8},"end":{"line":301,"column":37},"skip":true},"69":{"start":{"line":303,"column":8},"end":{"line":303,"column":82},"skip":true},"70":{"start":{"line":306,"column":8},"end":{"line":308,"column":9},"skip":true},"71":{"start":{"line":307,"column":12},"end":{"line":307,"column":82},"skip":true},"72":{"start":{"line":310,"column":8},"end":{"line":312,"column":9},"skip":true},"73":{"start":{"line":311,"column":12},"end":{"line":311,"column":18},"skip":true},"74":{"start":{"line":313,"column":8},"end":{"line":313,"column":54},"skip":true},"75":{"start":{"line":314,"column":8},"end":{"line":314,"column":69},"skip":true},"76":{"start":{"line":315,"column":8},"end":{"line":323,"column":36},"skip":true},"77":{"start":{"line":316,"column":12},"end":{"line":316,"column":61},"skip":true},"78":{"start":{"line":317,"column":12},"end":{"line":320,"column":13},"skip":true},"79":{"start":{"line":318,"column":16},"end":{"line":318,"column":75},"skip":true},"80":{"start":{"line":319,"column":16},"end":{"line":319,"column":23},"skip":true},"81":{"start":{"line":321,"column":12},"end":{"line":321,"column":38},"skip":true},"82":{"start":{"line":322,"column":12},"end":{"line":322,"column":27},"skip":true},"83":{"start":{"line":324,"column":8},"end":{"line":324,"column":14},"skip":true}},"branchMap":{"1":{"line":39,"type":"binary-expr","locations":[{"start":{"line":39,"column":23},"end":{"line":39,"column":62}},{"start":{"line":40,"column":20},"end":{"line":40,"column":70}},{"start":{"line":41,"column":20},"end":{"line":41,"column":71}},{"start":{"line":42,"column":20},"end":{"line":42,"column":29}}]},"2":{"line":44,"type":"binary-expr","locations":[{"start":{"line":44,"column":23},"end":{"line":44,"column":37}},{"start":{"line":45,"column":20},"end":{"line":45,"column":61}},{"start":{"line":46,"column":20},"end":{"line":46,"column":70}},{"start":{"line":47,"column":20},"end":{"line":47,"column":26}}]},"3":{"line":51,"type":"cond-expr","locations":[{"start":{"line":52,"column":14},"end":{"line":52,"column":20}},{"start":{"line":53,"column":14},"end":{"line":53,"column":20}}]},"4":{"line":55,"type":"binary-expr","locations":[{"start":{"line":55,"column":16},"end":{"line":55,"column":44}},{"start":{"line":55,"column":49},"end":{"line":57,"column":43}}]},"5":{"line":55,"type":"cond-expr","locations":[{"start":{"line":56,"column":14},"end":{"line":56,"column":68}},{"start":{"line":57,"column":14},"end":{"line":57,"column":43}}]},"6":{"line":61,"type":"switch","locations":[{"start":{"line":68,"column":4},"end":{"line":150,"column":14},"skip":true},{"start":{"line":156,"column":4},"end":{"line":324,"column":14},"skip":true}]},"7":{"line":70,"type":"if","locations":[{"start":{"line":70,"column":12},"end":{"line":70,"column":12},"skip":true},{"start":{"line":70,"column":12},"end":{"line":70,"column":12},"skip":true}]},"8":{"line":70,"type":"binary-expr","locations":[{"start":{"line":70,"column":16},"end":{"line":70,"column":22},"skip":true},{"start":{"line":70,"column":27},"end":{"line":70,"column":32},"skip":true},{"start":{"line":71,"column":20},"end":{"line":71,"column":39},"skip":true},{"start":{"line":72,"column":20},"end":{"line":72,"column":49},"skip":true},{"start":{"line":73,"column":20},"end":{"line":73,"column":58},"skip":true},{"start":{"line":74,"column":20},"end":{"line":74,"column":69},"skip":true}]},"9":{"line":79,"type":"switch","locations":[{"start":{"line":80,"column":20},"end":{"line":80,"column":33},"skip":true},{"start":{"line":81,"column":20},"end":{"line":83,"column":30},"skip":true},{"start":{"line":84,"column":20},"end":{"line":85,"column":49},"skip":true}]},"10":{"line":89,"type":"switch","locations":[{"start":{"line":90,"column":12},"end":{"line":103,"column":22},"skip":true},{"start":{"line":105,"column":12},"end":{"line":106,"column":22},"skip":true}]},"11":{"line":89,"type":"binary-expr","locations":[{"start":{"line":89,"column":20},"end":{"line":89,"column":25},"skip":true},{"start":{"line":89,"column":29},"end":{"line":89,"column":48},"skip":true},{"start":{"line":89,"column":52},"end":{"line":89,"column":74},"skip":true}]},"12":{"line":92,"type":"if","locations":[{"start":{"line":92,"column":16},"end":{"line":92,"column":16},"skip":true},{"start":{"line":92,"column":16},"end":{"line":92,"column":16},"skip":true}]},"13":{"line":108,"type":"if","locations":[{"start":{"line":108,"column":12},"end":{"line":108,"column":12},"skip":true},{"start":{"line":108,"column":12},"end":{"line":108,"column":12},"skip":true}]},"14":{"line":108,"type":"binary-expr","locations":[{"start":{"line":108,"column":16},"end":{"line":108,"column":61},"skip":true},{"start":{"line":108,"column":66},"end":{"line":108,"column":72},"skip":true},{"start":{"line":108,"column":77},"end":{"line":108,"column":82},"skip":true},{"start":{"line":109,"column":20},"end":{"line":109,"column":39},"skip":true},{"start":{"line":110,"column":20},"end":{"line":110,"column":49},"skip":true},{"start":{"line":111,"column":20},"end":{"line":111,"column":58},"skip":true},{"start":{"line":112,"column":20},"end":{"line":112,"column":68},"skip":true}]},"15":{"line":129,"type":"if","locations":[{"start":{"line":129,"column":16},"end":{"line":129,"column":16},"skip":true},{"start":{"line":129,"column":16},"end":{"line":129,"column":16},"skip":true}]},"16":{"line":134,"type":"cond-expr","locations":[{"start":{"line":135,"column":26},"end":{"line":135,"column":29},"skip":true},{"start":{"line":136,"column":26},"end":{"line":136,"column":54},"skip":true}]},"17":{"line":164,"type":"binary-expr","locations":[{"start":{"line":164,"column":27},"end":{"line":164,"column":43},"skip":true},{"start":{"line":164,"column":47},"end":{"line":164,"column":49},"skip":true}]},"18":{"line":258,"type":"if","locations":[{"start":{"line":258,"column":8},"end":{"line":258,"column":8},"skip":true},{"start":{"line":258,"column":8},"end":{"line":258,"column":8},"skip":true}]},"19":{"line":275,"type":"switch","locations":[{"start":{"line":276,"column":20},"end":{"line":277,"column":64},"skip":true},{"start":{"line":278,"column":20},"end":{"line":279,"column":40},"skip":true},{"start":{"line":280,"column":20},"end":{"line":281,"column":40},"skip":true},{"start":{"line":282,"column":20},"end":{"line":283,"column":39},"skip":true}]},"20":{"line":288,"type":"if","locations":[{"start":{"line":288,"column":8},"end":{"line":288,"column":8},"skip":true},{"start":{"line":288,"column":8},"end":{"line":288,"column":8},"skip":true}]},"21":{"line":288,"type":"binary-expr","locations":[{"start":{"line":288,"column":12},"end":{"line":288,"column":40},"skip":true},{"start":{"line":288,"column":44},"end":{"line":288,"column":67},"skip":true}]},"22":{"line":292,"type":"binary-expr","locations":[{"start":{"line":292,"column":12},"end":{"line":292,"column":50},"skip":true},{"start":{"line":293,"column":12},"end":{"line":293,"column":53},"skip":true}]},"23":{"line":297,"type":"binary-expr","locations":[{"start":{"line":297,"column":12},"end":{"line":297,"column":82},"skip":true},{"start":{"line":298,"column":12},"end":{"line":301,"column":36},"skip":true}]},"24":{"line":303,"type":"binary-expr","locations":[{"start":{"line":303,"column":43},"end":{"line":303,"column":75},"skip":true},{"start":{"line":303,"column":79},"end":{"line":303,"column":81},"skip":true}]},"25":{"line":306,"type":"if","locations":[{"start":{"line":306,"column":8},"end":{"line":306,"column":8},"skip":true},{"start":{"line":306,"column":8},"end":{"line":306,"column":8},"skip":true}]},"26":{"line":310,"type":"if","locations":[{"start":{"line":310,"column":8},"end":{"line":310,"column":8},"skip":true},{"start":{"line":310,"column":8},"end":{"line":310,"column":8},"skip":true}]},"27":{"line":313,"type":"binary-expr","locations":[{"start":{"line":313,"column":27},"end":{"line":313,"column":43},"skip":true},{"start":{"line":313,"column":47},"end":{"line":313,"column":53},"skip":true}]},"28":{"line":317,"type":"if","locations":[{"start":{"line":317,"column":12},"end":{"line":317,"column":12},"skip":true},{"start":{"line":317,"column":12},"end":{"line":317,"column":12},"skip":true}]}},"code":["/*","example.js","","quickstart example","","instruction","    1. save this script as example.js","    2. run the shell command:","        $ npm install npmtest-ionic-native-transitions && PORT=8081 node example.js","    3. play with the browser-demo on http://127.0.0.1:8081","*/","","","","/* istanbul instrument in package npmtest_ionic_native_transitions */","/*jslint","    bitwise: true,","    browser: true,","    maxerr: 8,","    maxlen: 96,","    node: true,","    nomen: true,","    regexp: true,","    stupid: true","*/","(function () {","    'use strict';","    var local;","","","","    // run shared js-env code - pre-init","    (function () {","        // init local","        local = {};","        // init modeJs","        local.modeJs = (function () {","            try {","                return typeof navigator.userAgent === 'string' &&","                    typeof document.querySelector('body') === 'object' &&","                    typeof XMLHttpRequest.prototype.open === 'function' &&","                    'browser';","            } catch (errorCaughtBrowser) {","                return module.exports &&","                    typeof process.versions.node === 'string' &&","                    typeof require('http').createServer === 'function' &&","                    'node';","            }","        }());","        // init global","        local.global = local.modeJs === 'browser'","            ? window","            : global;","        // init utility2_rollup","        local = local.global.utility2_rollup || (local.modeJs === 'browser'","            ? local.global.utility2_npmtest_ionic_native_transitions","            : global.utility2_moduleExports);","        // export local","        local.global.local = local;","    }());","    switch (local.modeJs) {","","","","    // post-init","    // run browser js-env code - post-init","    /* istanbul ignore next */","    case 'browser':","        local.testRunBrowser = function (event) {","            if (!event || (event &&","                    event.currentTarget &&","                    event.currentTarget.className &&","                    event.currentTarget.className.includes &&","                    event.currentTarget.className.includes('onreset'))) {","                // reset output","                Array.from(","                    document.querySelectorAll('body > .resettable')","                ).forEach(function (element) {","                    switch (element.tagName) {","                    case 'INPUT':","                    case 'TEXTAREA':","                        element.value = '';","                        break;","                    default:","                        element.textContent = '';","                    }","                });","            }","            switch (event && event.currentTarget && event.currentTarget.id) {","            case 'testRunButton1':","                // show tests","                if (document.querySelector('#testReportDiv1').style.display === 'none') {","                    document.querySelector('#testReportDiv1').style.display = 'block';","                    document.querySelector('#testRunButton1').textContent =","                        'hide internal test';","                    local.modeTest = true;","                    local.testRunDefault(local);","                // hide tests","                } else {","                    document.querySelector('#testReportDiv1').style.display = 'none';","                    document.querySelector('#testRunButton1').textContent = 'run internal test';","                }","                break;","            // custom-case","            default:","                break;","            }","            if (document.querySelector('#inputTextareaEval1') && (!event || (event &&","                    event.currentTarget &&","                    event.currentTarget.className &&","                    event.currentTarget.className.includes &&","                    event.currentTarget.className.includes('oneval')))) {","                // try to eval input-code","                try {","                    /*jslint evil: true*/","                    eval(document.querySelector('#inputTextareaEval1').value);","                } catch (errorCaught) {","                    console.error(errorCaught);","                }","            }","        };","        // log stderr and stdout to #outputTextareaStdout1","        ['error', 'log'].forEach(function (key) {","            console[key + '_original'] = console[key];","            console[key] = function () {","                var element;","                console[key + '_original'].apply(console, arguments);","                element = document.querySelector('#outputTextareaStdout1');","                if (!element) {","                    return;","                }","                // append text to #outputTextareaStdout1","                element.value += Array.from(arguments).map(function (arg) {","                    return typeof arg === 'string'","                        ? arg","                        : JSON.stringify(arg, null, 4);","                }).join(' ') + '\\n';","                // scroll textarea to bottom","                element.scrollTop = element.scrollHeight;","            };","        });","        // init event-handling","        ['change', 'click', 'keyup'].forEach(function (event) {","            Array.from(document.querySelectorAll('.on' + event)).forEach(function (element) {","                element.addEventListener(event, local.testRunBrowser);","            });","        });","        // run tests","        local.testRunBrowser();","        break;","","","","    // run node js-env code - post-init","    /* istanbul ignore next */","    case 'node':","        // export local","        module.exports = local;","        // require modules","        local.fs = require('fs');","        local.http = require('http');","        local.url = require('url');","        // init assets","        local.assetsDict = local.assetsDict || {};","        /* jslint-ignore-begin */","        local.assetsDict['/assets.index.template.html'] = '\\","<!doctype html>\\n\\","<html lang=\"en\">\\n\\","<head>\\n\\","<meta charset=\"UTF-8\">\\n\\","<meta name=\"viewport\" content=\"width=device-width, initial-scale=1\">\\n\\","<title>{{env.npm_package_name}} (v{{env.npm_package_version}})</title>\\n\\","<style>\\n\\","/*csslint\\n\\","    box-sizing: false,\\n\\","    universal-selector: false\\n\\","*/\\n\\","* {\\n\\","    box-sizing: border-box;\\n\\","}\\n\\","body {\\n\\","    background: #dde;\\n\\","    font-family: Arial, Helvetica, sans-serif;\\n\\","    margin: 2rem;\\n\\","}\\n\\","body > * {\\n\\","    margin-bottom: 1rem;\\n\\","}\\n\\",".utility2FooterDiv {\\n\\","    margin-top: 20px;\\n\\","    text-align: center;\\n\\","}\\n\\","</style>\\n\\","<style>\\n\\","/*csslint\\n\\","*/\\n\\","textarea {\\n\\","    font-family: monospace;\\n\\","    height: 10rem;\\n\\","    width: 100%;\\n\\","}\\n\\","textarea[readonly] {\\n\\","    background: #ddd;\\n\\","}\\n\\","</style>\\n\\","</head>\\n\\","<body>\\n\\","<!-- utility2-comment\\n\\","<div id=\"ajaxProgressDiv1\" style=\"background: #d00; height: 2px; left: 0; margin: 0; padding: 0; position: fixed; top: 0; transition: background 0.5s, width 1.5s; width: 25%;\"></div>\\n\\","utility2-comment -->\\n\\","<h1>\\n\\","<!-- utility2-comment\\n\\","    <a\\n\\","        {{#if env.npm_package_homepage}}\\n\\","        href=\"{{env.npm_package_homepage}}\"\\n\\","        {{/if env.npm_package_homepage}}\\n\\","        target=\"_blank\"\\n\\","    >\\n\\","utility2-comment -->\\n\\","        {{env.npm_package_name}} (v{{env.npm_package_version}})\\n\\","<!-- utility2-comment\\n\\","    </a>\\n\\","utility2-comment -->\\n\\","</h1>\\n\\","<h3>{{env.npm_package_description}}</h3>\\n\\","<!-- utility2-comment\\n\\","<h4><a download href=\"assets.app.js\">download standalone app</a></h4>\\n\\","<button class=\"onclick onreset\" id=\"testRunButton1\">run internal test</button><br>\\n\\","<div id=\"testReportDiv1\" style=\"display: none;\"></div>\\n\\","utility2-comment -->\\n\\","\\n\\","\\n\\","\\n\\","<label>stderr and stdout</label>\\n\\","<textarea class=\"resettable\" id=\"outputTextareaStdout1\" readonly></textarea>\\n\\","<!-- utility2-comment\\n\\","{{#if isRollup}}\\n\\","<script src=\"assets.app.js\"></script>\\n\\","{{#unless isRollup}}\\n\\","utility2-comment -->\\n\\","<script src=\"assets.utility2.rollup.js\"></script>\\n\\","<script src=\"jsonp.utility2._stateInit?callback=window.utility2._stateInit\"></script>\\n\\","<script src=\"assets.npmtest_ionic_native_transitions.rollup.js\"></script>\\n\\","<script src=\"assets.example.js\"></script>\\n\\","<script src=\"assets.test.js\"></script>\\n\\","<!-- utility2-comment\\n\\","{{/if isRollup}}\\n\\","utility2-comment -->\\n\\","<div class=\"utility2FooterDiv\">\\n\\","    [ this app was created with\\n\\","    <a href=\"https://github.com/kaizhu256/node-utility2\" target=\"_blank\">utility2</a>\\n\\","    ]\\n\\","</div>\\n\\","</body>\\n\\","</html>\\n\\","';","        /* jslint-ignore-end */","        if (local.templateRender) {","            local.assetsDict['/'] = local.templateRender(","                local.assetsDict['/assets.index.template.html'],","                {","                    env: local.objectSetDefault(local.env, {","                        npm_package_description: 'the greatest app in the world!',","                        npm_package_name: 'my-app',","                        npm_package_nameAlias: 'my_app',","                        npm_package_version: '0.0.1'","                    })","                }","            );","        } else {","            local.assetsDict['/'] = local.assetsDict['/assets.index.template.html']","                .replace((/\\{\\{env\\.(\\w+?)\\}\\}/g), function (match0, match1) {","                    // jslint-hack","                    String(match0);","                    switch (match1) {","                    case 'npm_package_description':","                        return 'the greatest app in the world!';","                    case 'npm_package_name':","                        return 'my-app';","                    case 'npm_package_nameAlias':","                        return 'my_app';","                    case 'npm_package_version':","                        return '0.0.1';","                    }","                });","        }","        // run the cli","        if (local.global.utility2_rollup || module !== require.main) {","            break;","        }","        local.assetsDict['/assets.example.js'] =","            local.assetsDict['/assets.example.js'] ||","            local.fs.readFileSync(__filename, 'utf8');","        // bug-workaround - long $npm_package_buildCustomOrg","        /* jslint-ignore-begin */","        local.assetsDict['/assets.npmtest_ionic_native_transitions.rollup.js'] =","            local.assetsDict['/assets.npmtest_ionic_native_transitions.rollup.js'] ||","            local.fs.readFileSync(","                local.npmtest_ionic_native_transitions.__dirname + '/lib.npmtest_ionic_native_transitions.js',","                'utf8'","            ).replace((/^#!/), '//');","        /* jslint-ignore-end */","        local.assetsDict['/favicon.ico'] = local.assetsDict['/favicon.ico'] || '';","        // if $npm_config_timeout_exit exists,","        // then exit this process after $npm_config_timeout_exit ms","        if (Number(process.env.npm_config_timeout_exit)) {","            setTimeout(process.exit, Number(process.env.npm_config_timeout_exit));","        }","        // start server","        if (local.global.utility2_serverHttp1) {","            break;","        }","        process.env.PORT = process.env.PORT || '8081';","        console.error('server starting on port ' + process.env.PORT);","        local.http.createServer(function (request, response) {","            request.urlParsed = local.url.parse(request.url);","            if (local.assetsDict[request.urlParsed.pathname] !== undefined) {","                response.end(local.assetsDict[request.urlParsed.pathname]);","                return;","            }","            response.statusCode = 404;","            response.end();","        }).listen(process.env.PORT);","        break;","    }","}());",""],"l":{"26":2,"28":2,"33":2,"35":2,"37":2,"38":2,"39":2,"44":1,"51":2,"55":2,"59":2,"61":2,"69":1,"70":2,"76":2,"79":2,"82":2,"83":2,"85":1,"89":2,"92":1,"93":1,"94":1,"96":1,"97":1,"100":1,"101":1,"103":1,"106":1,"108":2,"114":1,"116":1,"118":1,"123":1,"124":2,"125":2,"126":3,"127":3,"128":3,"129":3,"130":1,"133":3,"134":3,"139":3,"143":1,"144":3,"145":1,"149":1,"150":1,"158":1,"160":1,"161":1,"162":1,"164":1,"166":1,"258":1,"259":1,"271":1,"274":6,"275":6,"277":1,"279":2,"281":1,"283":2,"288":1,"289":1,"291":1,"296":1,"303":1,"306":1,"307":1,"310":1,"311":1,"313":1,"314":1,"315":1,"316":1,"317":1,"318":1,"319":1,"321":1,"322":1,"324":1}},"/home/travis/build/npmtest/node-npmtest-ionic-native-transitions/node_modules/ionic-native-transitions/dist/ionic-native-transitions.js":{"path":"/home/travis/build/npmtest/node-npmtest-ionic-native-transitions/node_modules/ionic-native-transitions/dist/ionic-native-transitions.js","s":{"1":2,"2":2,"3":2,"4":0,"5":0,"6":0,"7":0,"8":0,"9":2,"10":2,"11":1,"12":8,"13":0,"14":8,"15":8,"16":6,"17":6,"18":2,"19":2,"20":2,"21":2,"22":2,"23":1,"24":6,"25":2,"26":2,"27":2,"28":2,"29":2,"30":2,"31":2,"32":0,"33":0,"34":0,"35":0,"36":0,"37":2,"38":2,"39":0,"40":0,"41":0,"42":0,"43":1,"44":0,"45":0,"46":0,"47":1,"48":0,"49":0,"50":0,"51":1,"52":0,"53":0,"54":0,"55":1,"56":0,"57":0,"58":0,"59":1,"60":0,"61":0,"62":0,"63":1,"64":0,"65":0,"66":0,"67":1,"68":0,"69":0,"70":0,"71":0,"72":0,"73":0,"74":0,"75":0,"76":1,"77":0,"78":0,"79":0,"80":0,"81":0,"82":0,"83":0,"84":0,"85":0,"86":0,"87":0,"88":0,"89":0,"90":0,"91":1,"92":0,"93":0,"94":0,"95":0,"96":0,"97":0,"98":0,"99":0,"100":0,"101":0,"102":0,"103":0,"104":0,"105":0,"106":0,"107":0,"108":0,"109":0,"110":0,"111":0,"112":0,"113":0,"114":0,"115":0,"116":0,"117":0,"118":0,"119":0,"120":1,"121":0,"122":0,"123":0,"124":0,"125":0,"126":0,"127":0,"128":0,"129":0,"130":0,"131":0,"132":0,"133":0,"134":0,"135":0,"136":0,"137":0,"138":0,"139":0,"140":0,"141":0,"142":0,"143":0,"144":0,"145":0,"146":0,"147":0,"148":0,"149":0,"150":0,"151":0,"152":0,"153":1,"154":0,"155":0,"156":1,"157":0,"158":0,"159":1,"160":0,"161":0,"162":0,"163":0,"164":0,"165":0,"166":0,"167":0,"168":0,"169":0,"170":0,"171":0,"172":0,"173":0,"174":0,"175":0,"176":0,"177":1,"178":0,"179":0,"180":1,"181":0,"182":0,"183":0,"184":0,"185":1,"186":0,"187":0,"188":0,"189":0,"190":1,"191":0,"192":0,"193":0,"194":0,"195":0,"196":0,"197":0,"198":0,"199":0,"200":0,"201":0,"202":0,"203":0,"204":0,"205":0,"206":0,"207":0,"208":0,"209":1,"210":0,"211":0,"212":0,"213":0,"214":0,"215":0,"216":0,"217":0,"218":0,"219":1,"220":0,"221":0,"222":0,"223":0,"224":0,"225":0,"226":0,"227":0,"228":0,"229":1,"230":0,"231":0,"232":0,"233":1,"234":0,"235":0,"236":0,"237":0,"238":0,"239":0,"240":0,"241":0,"242":0,"243":0,"244":0,"245":0,"246":1,"247":0,"248":1,"249":0,"250":0,"251":0,"252":0,"253":0,"254":1,"255":0,"256":0,"257":0,"258":0,"259":0,"260":0,"261":0,"262":0,"263":0,"264":0,"265":0,"266":0,"267":0,"268":0,"269":0,"270":0,"271":0,"272":0,"273":0,"274":0,"275":0,"276":0,"277":0,"278":0,"279":0,"280":0,"281":2,"282":2,"283":2,"284":0,"285":0,"286":0,"287":1,"288":0,"289":0,"290":0,"291":0,"292":0,"293":0,"294":0,"295":0,"296":0,"297":0,"298":0,"299":0,"300":0,"301":1,"302":0,"303":0,"304":0,"305":0,"306":0,"307":0,"308":0,"309":2,"310":2,"311":2,"312":0,"313":0,"314":0,"315":2},"b":{"1":[2,0],"2":[2,2],"3":[0,0],"4":[0,0],"5":[0,0],"6":[0,8],"7":[0,6],"8":[6,6],"9":[0,0],"10":[0,0],"11":[0,0],"12":[0,0,0],"13":[0,0],"14":[0,0],"15":[0,0],"16":[0,0],"17":[0,0],"18":[0,0],"19":[0,0],"20":[0,0],"21":[0,0],"22":[0,0],"23":[0,0],"24":[0,0],"25":[0,0],"26":[0,0],"27":[0,0],"28":[0,0],"29":[0,0],"30":[0,0],"31":[0,0],"32":[0,0],"33":[0,0],"34":[0,0],"35":[0,0],"36":[0,0],"37":[0,0],"38":[0,0],"39":[0,0],"40":[0,0],"41":[0,0],"42":[0,0],"43":[0,0,0],"44":[0,0],"45":[0,0],"46":[0,0],"47":[0,0],"48":[0,0],"49":[0,0],"50":[0,0],"51":[0,0],"52":[0,0],"53":[0],"54":[0,0],"55":[0,0],"56":[0,0],"57":[0,0,0],"58":[0,0],"59":[0,0],"60":[0,0],"61":[0,0],"62":[0,0],"63":[0,0],"64":[0,0],"65":[0,0],"66":[0,0],"67":[0,0,0],"68":[0,0],"69":[0,0],"70":[0,0],"71":[0,0],"72":[0,0],"73":[0,0],"74":[0,0],"75":[0,0],"76":[0,0],"77":[0,0],"78":[0,0],"79":[0,0],"80":[0,0],"81":[0,0],"82":[0,0],"83":[0,0],"84":[0,0],"85":[0,0],"86":[0,0],"87":[0,0],"88":[0,0],"89":[0,0],"90":[0,0],"91":[0,0],"92":[0,0],"93":[0,0],"94":[0,0],"95":[0,0],"96":[0,0],"97":[0,0],"98":[0,0],"99":[0,0],"100":[0,0],"101":[0,0],"102":[0,0],"103":[0,0],"104":[0,0],"105":[0,0],"106":[0,0],"107":[0,0],"108":[0,0],"109":[0,0],"110":[0,0],"111":[0,0]},"f":{"1":2,"2":2,"3":2,"4":8,"5":2,"6":6,"7":2,"8":0,"9":0,"10":0,"11":0,"12":0,"13":0,"14":0,"15":0,"16":0,"17":0,"18":0,"19":0,"20":0,"21":0,"22":0,"23":0,"24":0,"25":0,"26":0,"27":0,"28":0,"29":0,"30":0,"31":0,"32":0,"33":0,"34":0,"35":0,"36":0,"37":0,"38":0,"39":0,"40":0,"41":0,"42":0,"43":0,"44":0,"45":0,"46":0,"47":2,"48":0,"49":0,"50":0,"51":0,"52":0,"53":2,"54":0,"55":0},"fnMap":{"1":{"name":"webpackUniversalModuleDefinition","line":11,"loc":{"start":{"line":11,"column":1},"end":{"line":11,"column":58}}},"2":{"name":"(anonymous_2)","line":20,"loc":{"start":{"line":20,"column":9},"end":{"line":20,"column":20}}},"3":{"name":"(anonymous_3)","line":21,"loc":{"start":{"line":21,"column":17},"end":{"line":21,"column":35}}},"4":{"name":"__webpack_require__","line":26,"loc":{"start":{"line":26,"column":10},"end":{"line":26,"column":49}}},"5":{"name":"(anonymous_5)","line":68,"loc":{"start":{"line":68,"column":6},"end":{"line":68,"column":53}}},"6":{"name":"_interopRequireDefault","line":76,"loc":{"start":{"line":76,"column":1},"end":{"line":76,"column":38}}},"7":{"name":"(anonymous_7)","line":104,"loc":{"start":{"line":104,"column":6},"end":{"line":104,"column":32}}},"8":{"name":"(anonymous_8)","line":124,"loc":{"start":{"line":124,"column":22},"end":{"line":124,"column":34}}},"9":{"name":"enable","line":177,"loc":{"start":{"line":177,"column":5},"end":{"line":177,"column":23}}},"10":{"name":"isEnabled","line":202,"loc":{"start":{"line":202,"column":5},"end":{"line":202,"column":26}}},"11":{"name":"setDefaultOptions","line":219,"loc":{"start":{"line":219,"column":5},"end":{"line":219,"column":34}}},"12":{"name":"setDefaultTransition","line":236,"loc":{"start":{"line":236,"column":5},"end":{"line":236,"column":37}}},"13":{"name":"setDefaultBackTransition","line":253,"loc":{"start":{"line":253,"column":5},"end":{"line":253,"column":41}}},"14":{"name":"$get","line":260,"loc":{"start":{"line":260,"column":5},"end":{"line":260,"column":115}}},"15":{"name":"locationUrl","line":294,"loc":{"start":{"line":294,"column":9},"end":{"line":294,"column":32}}},"16":{"name":"(anonymous_16)","line":304,"loc":{"start":{"line":304,"column":55},"end":{"line":304,"column":67}}},"17":{"name":"stateGo","line":322,"loc":{"start":{"line":322,"column":9},"end":{"line":322,"column":28}}},"18":{"name":"(anonymous_18)","line":339,"loc":{"start":{"line":339,"column":55},"end":{"line":339,"column":67}}},"19":{"name":"(anonymous_19)","line":340,"loc":{"start":{"line":340,"column":33},"end":{"line":340,"column":45}}},"20":{"name":"enableFromService","line":358,"loc":{"start":{"line":358,"column":9},"end":{"line":358,"column":38}}},"21":{"name":"(anonymous_21)","line":375,"loc":{"start":{"line":375,"column":80},"end":{"line":375,"column":100}}},"22":{"name":"transition","line":402,"loc":{"start":{"line":402,"column":9},"end":{"line":402,"column":31}}},"23":{"name":"(anonymous_23)","line":441,"loc":{"start":{"line":441,"column":65},"end":{"line":441,"column":77}}},"24":{"name":"(anonymous_24)","line":444,"loc":{"start":{"line":444,"column":16},"end":{"line":444,"column":28}}},"25":{"name":"transitionSuccess","line":452,"loc":{"start":{"line":452,"column":9},"end":{"line":452,"column":46}}},"26":{"name":"(anonymous_26)","line":453,"loc":{"start":{"line":453,"column":24},"end":{"line":453,"column":36}}},"27":{"name":"transitionError","line":458,"loc":{"start":{"line":458,"column":9},"end":{"line":458,"column":44}}},"28":{"name":"(anonymous_28)","line":459,"loc":{"start":{"line":459,"column":24},"end":{"line":459,"column":36}}},"29":{"name":"getTransitionDuration","line":464,"loc":{"start":{"line":464,"column":9},"end":{"line":464,"column":49}}},"30":{"name":"executePendingTransition","line":493,"loc":{"start":{"line":493,"column":9},"end":{"line":493,"column":45}}},"31":{"name":"disablePendingTransition","line":499,"loc":{"start":{"line":499,"column":9},"end":{"line":499,"column":45}}},"32":{"name":"registerToRouteEvents","line":509,"loc":{"start":{"line":509,"column":9},"end":{"line":509,"column":42}}},"33":{"name":"registerToStateChangeStartEvent","line":517,"loc":{"start":{"line":517,"column":9},"end":{"line":517,"column":52}}},"34":{"name":"(anonymous_34)","line":521,"loc":{"start":{"line":521,"column":69},"end":{"line":521,"column":142}}},"35":{"name":"(anonymous_35)","line":539,"loc":{"start":{"line":539,"column":42},"end":{"line":539,"column":54}}},"36":{"name":"getBackStateTransition","line":550,"loc":{"start":{"line":550,"column":9},"end":{"line":550,"column":48}}},"37":{"name":"getStateTransition","line":563,"loc":{"start":{"line":563,"column":9},"end":{"line":563,"column":44}}},"38":{"name":"unregisterToStateChangeStartEvent","line":576,"loc":{"start":{"line":576,"column":9},"end":{"line":576,"column":54}}},"39":{"name":"unregisterToRouteEvents","line":583,"loc":{"start":{"line":583,"column":9},"end":{"line":583,"column":44}}},"40":{"name":"getDefaultOptions","line":611,"loc":{"start":{"line":611,"column":9},"end":{"line":611,"column":38}}},"41":{"name":"init","line":624,"loc":{"start":{"line":624,"column":9},"end":{"line":624,"column":25}}},"42":{"name":"goBack","line":642,"loc":{"start":{"line":642,"column":9},"end":{"line":642,"column":36}}},"43":{"name":"(anonymous_43)","line":678,"loc":{"start":{"line":678,"column":33},"end":{"line":678,"column":45}}},"44":{"name":"(anonymous_44)","line":680,"loc":{"start":{"line":680,"column":25},"end":{"line":680,"column":37}}},"45":{"name":"(anonymous_45)","line":685,"loc":{"start":{"line":685,"column":87},"end":{"line":685,"column":99}}},"46":{"name":"(anonymous_46)","line":686,"loc":{"start":{"line":686,"column":33},"end":{"line":686,"column":45}}},"47":{"name":"(anonymous_47)","line":702,"loc":{"start":{"line":702,"column":6},"end":{"line":702,"column":32}}},"48":{"name":"(anonymous_48)","line":710,"loc":{"start":{"line":710,"column":68},"end":{"line":710,"column":117}}},"49":{"name":"controller","line":720,"loc":{"start":{"line":720,"column":5},"end":{"line":720,"column":59}}},"50":{"name":"(anonymous_50)","line":726,"loc":{"start":{"line":726,"column":42},"end":{"line":726,"column":64}}},"51":{"name":"(anonymous_51)","line":731,"loc":{"start":{"line":731,"column":30},"end":{"line":731,"column":47}}},"52":{"name":"parseStateRef","line":744,"loc":{"start":{"line":744,"column":1},"end":{"line":744,"column":38}}},"53":{"name":"(anonymous_53)","line":762,"loc":{"start":{"line":762,"column":6},"end":{"line":762,"column":32}}},"54":{"name":"(anonymous_54)","line":776,"loc":{"start":{"line":776,"column":99},"end":{"line":776,"column":177}}},"55":{"name":"(anonymous_55)","line":779,"loc":{"start":{"line":779,"column":24},"end":{"line":779,"column":36}}}},"statementMap":{"1":{"start":{"line":11,"column":0},"end":{"line":795,"column":3}},"2":{"start":{"line":12,"column":1},"end":{"line":19,"column":45}},"3":{"start":{"line":13,"column":2},"end":{"line":13,"column":29}},"4":{"start":{"line":14,"column":6},"end":{"line":19,"column":45}},"5":{"start":{"line":15,"column":2},"end":{"line":15,"column":18}},"6":{"start":{"line":16,"column":6},"end":{"line":19,"column":45}},"7":{"start":{"line":17,"column":2},"end":{"line":17,"column":48}},"8":{"start":{"line":19,"column":2},"end":{"line":19,"column":45}},"9":{"start":{"line":21,"column":0},"end":{"line":794,"column":11}},"10":{"start":{"line":23,"column":10},"end":{"line":23,"column":36}},"11":{"start":{"line":26,"column":10},"end":{"line":47,"column":11}},"12":{"start":{"line":29,"column":11},"end":{"line":30,"column":54}},"13":{"start":{"line":30,"column":12},"end":{"line":30,"column":54}},"14":{"start":{"line":33,"column":11},"end":{"line":37,"column":13}},"15":{"start":{"line":40,"column":11},"end":{"line":40,"column":95}},"16":{"start":{"line":43,"column":11},"end":{"line":43,"column":32}},"17":{"start":{"line":46,"column":11},"end":{"line":46,"column":33}},"18":{"start":{"line":51,"column":10},"end":{"line":51,"column":42}},"19":{"start":{"line":54,"column":10},"end":{"line":54,"column":51}},"20":{"start":{"line":57,"column":10},"end":{"line":57,"column":37}},"21":{"start":{"line":60,"column":10},"end":{"line":60,"column":40}},"22":{"start":{"line":72,"column":1},"end":{"line":74,"column":4}},"23":{"start":{"line":76,"column":1},"end":{"line":76,"column":98}},"24":{"start":{"line":76,"column":40},"end":{"line":76,"column":96}},"25":{"start":{"line":78,"column":1},"end":{"line":78,"column":63}},"26":{"start":{"line":80,"column":1},"end":{"line":80,"column":56}},"27":{"start":{"line":82,"column":1},"end":{"line":82,"column":67}},"28":{"start":{"line":84,"column":1},"end":{"line":84,"column":60}},"29":{"start":{"line":86,"column":1},"end":{"line":86,"column":53}},"30":{"start":{"line":88,"column":1},"end":{"line":88,"column":46}},"31":{"start":{"line":90,"column":1},"end":{"line":90,"column":78}},"32":{"start":{"line":92,"column":1},"end":{"line":92,"column":58}},"33":{"start":{"line":93,"column":1},"end":{"line":93,"column":66}},"34":{"start":{"line":94,"column":1},"end":{"line":94,"column":29}},"35":{"start":{"line":96,"column":1},"end":{"line":96,"column":37}},"36":{"start":{"line":97,"column":1},"end":{"line":97,"column":37}},"37":{"start":{"line":120,"column":1},"end":{"line":122,"column":4}},"38":{"start":{"line":124,"column":1},"end":{"line":692,"column":3}},"39":{"start":{"line":125,"column":5},"end":{"line":125,"column":16}},"40":{"start":{"line":127,"column":5},"end":{"line":127,"column":135}},"41":{"start":{"line":128,"column":5},"end":{"line":157,"column":7}},"42":{"start":{"line":159,"column":5},"end":{"line":165,"column":7}},"43":{"start":{"line":177,"column":5},"end":{"line":182,"column":6}},"44":{"start":{"line":178,"column":9},"end":{"line":178,"column":97}},"45":{"start":{"line":180,"column":9},"end":{"line":180,"column":26}},"46":{"start":{"line":181,"column":9},"end":{"line":181,"column":21}},"47":{"start":{"line":202,"column":5},"end":{"line":207,"column":6}},"48":{"start":{"line":203,"column":9},"end":{"line":205,"column":10}},"49":{"start":{"line":204,"column":13},"end":{"line":204,"column":27}},"50":{"start":{"line":206,"column":9},"end":{"line":206,"column":22}},"51":{"start":{"line":219,"column":5},"end":{"line":224,"column":6}},"52":{"start":{"line":220,"column":9},"end":{"line":220,"column":103}},"53":{"start":{"line":222,"column":9},"end":{"line":222,"column":57}},"54":{"start":{"line":223,"column":9},"end":{"line":223,"column":21}},"55":{"start":{"line":236,"column":5},"end":{"line":241,"column":6}},"56":{"start":{"line":237,"column":9},"end":{"line":237,"column":98}},"57":{"start":{"line":239,"column":9},"end":{"line":239,"column":55}},"58":{"start":{"line":240,"column":9},"end":{"line":240,"column":21}},"59":{"start":{"line":253,"column":5},"end":{"line":258,"column":6}},"60":{"start":{"line":254,"column":9},"end":{"line":254,"column":98}},"61":{"start":{"line":256,"column":9},"end":{"line":256,"column":59}},"62":{"start":{"line":257,"column":9},"end":{"line":257,"column":21}},"63":{"start":{"line":260,"column":5},"end":{"line":691,"column":6}},"64":{"start":{"line":261,"column":9},"end":{"line":261,"column":20}},"65":{"start":{"line":263,"column":9},"end":{"line":265,"column":39}},"66":{"start":{"line":267,"column":9},"end":{"line":281,"column":11}},"67":{"start":{"line":294,"column":9},"end":{"line":307,"column":10}},"68":{"start":{"line":295,"column":13},"end":{"line":295,"column":97}},"69":{"start":{"line":296,"column":13},"end":{"line":296,"column":111}},"70":{"start":{"line":298,"column":13},"end":{"line":301,"column":14}},"71":{"start":{"line":299,"column":17},"end":{"line":299,"column":84}},"72":{"start":{"line":300,"column":17},"end":{"line":300,"column":24}},"73":{"start":{"line":302,"column":13},"end":{"line":302,"column":49}},"74":{"start":{"line":304,"column":13},"end":{"line":306,"column":16}},"75":{"start":{"line":305,"column":17},"end":{"line":305,"column":43}},"76":{"start":{"line":322,"column":9},"end":{"line":344,"column":10}},"77":{"start":{"line":323,"column":13},"end":{"line":323,"column":99}},"78":{"start":{"line":324,"column":13},"end":{"line":324,"column":103}},"79":{"start":{"line":325,"column":13},"end":{"line":325,"column":104}},"80":{"start":{"line":326,"column":13},"end":{"line":326,"column":111}},"81":{"start":{"line":328,"column":13},"end":{"line":331,"column":14}},"82":{"start":{"line":329,"column":17},"end":{"line":329,"column":90}},"83":{"start":{"line":330,"column":17},"end":{"line":330,"column":24}},"84":{"start":{"line":333,"column":13},"end":{"line":336,"column":14}},"85":{"start":{"line":334,"column":17},"end":{"line":334,"column":90}},"86":{"start":{"line":335,"column":17},"end":{"line":335,"column":24}},"87":{"start":{"line":338,"column":13},"end":{"line":338,"column":49}},"88":{"start":{"line":339,"column":13},"end":{"line":343,"column":16}},"89":{"start":{"line":340,"column":17},"end":{"line":342,"column":20}},"90":{"start":{"line":341,"column":21},"end":{"line":341,"column":72}},"91":{"start":{"line":358,"column":9},"end":{"line":400,"column":10}},"92":{"start":{"line":359,"column":13},"end":{"line":359,"column":101}},"93":{"start":{"line":360,"column":13},"end":{"line":360,"column":117}},"94":{"start":{"line":361,"column":13},"end":{"line":361,"column":119}},"95":{"start":{"line":363,"column":13},"end":{"line":366,"column":14}},"96":{"start":{"line":364,"column":17},"end":{"line":364,"column":110}},"97":{"start":{"line":365,"column":17},"end":{"line":365,"column":24}},"98":{"start":{"line":367,"column":13},"end":{"line":367,"column":30}},"99":{"start":{"line":369,"column":13},"end":{"line":389,"column":14}},"100":{"start":{"line":370,"column":17},"end":{"line":370,"column":67}},"101":{"start":{"line":371,"column":17},"end":{"line":373,"column":18}},"102":{"start":{"line":372,"column":21},"end":{"line":372,"column":109}},"103":{"start":{"line":374,"column":17},"end":{"line":374,"column":50}},"104":{"start":{"line":375,"column":17},"end":{"line":377,"column":25}},"105":{"start":{"line":376,"column":21},"end":{"line":376,"column":42}},"106":{"start":{"line":378,"column":17},"end":{"line":378,"column":41}},"107":{"start":{"line":380,"column":17},"end":{"line":380,"column":68}},"108":{"start":{"line":381,"column":17},"end":{"line":383,"column":18}},"109":{"start":{"line":382,"column":21},"end":{"line":382,"column":53}},"110":{"start":{"line":384,"column":17},"end":{"line":384,"column":56}},"111":{"start":{"line":385,"column":17},"end":{"line":387,"column":18}},"112":{"start":{"line":386,"column":21},"end":{"line":386,"column":49}},"113":{"start":{"line":388,"column":17},"end":{"line":388,"column":43}},"114":{"start":{"line":391,"column":13},"end":{"line":397,"column":14}},"115":{"start":{"line":392,"column":17},"end":{"line":392,"column":79}},"116":{"start":{"line":393,"column":17},"end":{"line":393,"column":55}},"117":{"start":{"line":395,"column":17},"end":{"line":395,"column":78}},"118":{"start":{"line":396,"column":17},"end":{"line":396,"column":68}},"119":{"start":{"line":399,"column":13},"end":{"line":399,"column":25}},"120":{"start":{"line":402,"column":9},"end":{"line":450,"column":10}},"121":{"start":{"line":403,"column":13},"end":{"line":403,"column":36}},"122":{"start":{"line":404,"column":13},"end":{"line":406,"column":14}},"123":{"start":{"line":405,"column":17},"end":{"line":405,"column":34}},"124":{"start":{"line":407,"column":13},"end":{"line":407,"column":30}},"125":{"start":{"line":408,"column":13},"end":{"line":433,"column":14}},"126":{"start":{"line":409,"column":17},"end":{"line":409,"column":83}},"127":{"start":{"line":410,"column":20},"end":{"line":433,"column":14}},"128":{"start":{"line":411,"column":17},"end":{"line":430,"column":18}},"129":{"start":{"line":414,"column":25},"end":{"line":428,"column":34}},"130":{"start":{"line":415,"column":29},"end":{"line":415,"column":76}},"131":{"start":{"line":416,"column":29},"end":{"line":416,"column":64}},"132":{"start":{"line":418,"column":30},"end":{"line":428,"column":34}},"133":{"start":{"line":419,"column":33},"end":{"line":419,"column":76}},"134":{"start":{"line":420,"column":33},"end":{"line":422,"column":34}},"135":{"start":{"line":421,"column":37},"end":{"line":421,"column":95}},"136":{"start":{"line":423,"column":33},"end":{"line":423,"column":69}},"137":{"start":{"line":426,"column":37},"end":{"line":426,"column":69}},"138":{"start":{"line":427,"column":37},"end":{"line":427,"column":74}},"139":{"start":{"line":429,"column":25},"end":{"line":429,"column":31}},"140":{"start":{"line":432,"column":17},"end":{"line":432,"column":45}},"141":{"start":{"line":434,"column":13},"end":{"line":434,"column":45}},"142":{"start":{"line":435,"column":13},"end":{"line":435,"column":56}},"143":{"start":{"line":436,"column":13},"end":{"line":436,"column":37}},"144":{"start":{"line":437,"column":13},"end":{"line":437,"column":33}},"145":{"start":{"line":438,"column":13},"end":{"line":438,"column":78}},"146":{"start":{"line":440,"column":13},"end":{"line":440,"column":27}},"147":{"start":{"line":441,"column":13},"end":{"line":447,"column":16}},"148":{"start":{"line":442,"column":17},"end":{"line":442,"column":78}},"149":{"start":{"line":443,"column":17},"end":{"line":443,"column":33}},"150":{"start":{"line":445,"column":17},"end":{"line":445,"column":76}},"151":{"start":{"line":446,"column":17},"end":{"line":446,"column":32}},"152":{"start":{"line":449,"column":13},"end":{"line":449,"column":34}},"153":{"start":{"line":452,"column":9},"end":{"line":456,"column":10}},"154":{"start":{"line":453,"column":13},"end":{"line":455,"column":26}},"155":{"start":{"line":454,"column":17},"end":{"line":454,"column":80}},"156":{"start":{"line":458,"column":9},"end":{"line":462,"column":10}},"157":{"start":{"line":459,"column":13},"end":{"line":461,"column":26}},"158":{"start":{"line":460,"column":17},"end":{"line":460,"column":78}},"159":{"start":{"line":464,"column":9},"end":{"line":491,"column":10}},"160":{"start":{"line":465,"column":13},"end":{"line":465,"column":38}},"161":{"start":{"line":466,"column":13},"end":{"line":470,"column":14}},"162":{"start":{"line":467,"column":17},"end":{"line":467,"column":55}},"163":{"start":{"line":469,"column":17},"end":{"line":469,"column":67}},"164":{"start":{"line":471,"column":13},"end":{"line":489,"column":14}},"165":{"start":{"line":472,"column":17},"end":{"line":476,"column":18}},"166":{"start":{"line":473,"column":21},"end":{"line":473,"column":64}},"167":{"start":{"line":475,"column":21},"end":{"line":475,"column":76}},"168":{"start":{"line":477,"column":20},"end":{"line":489,"column":14}},"169":{"start":{"line":478,"column":17},"end":{"line":482,"column":18}},"170":{"start":{"line":479,"column":21},"end":{"line":479,"column":60}},"171":{"start":{"line":481,"column":21},"end":{"line":481,"column":72}},"172":{"start":{"line":483,"column":20},"end":{"line":489,"column":14}},"173":{"start":{"line":484,"column":17},"end":{"line":488,"column":18}},"174":{"start":{"line":485,"column":21},"end":{"line":485,"column":65}},"175":{"start":{"line":487,"column":21},"end":{"line":487,"column":77}},"176":{"start":{"line":490,"column":13},"end":{"line":490,"column":29}},"177":{"start":{"line":493,"column":9},"end":{"line":497,"column":10}},"178":{"start":{"line":494,"column":13},"end":{"line":494,"column":77}},"179":{"start":{"line":496,"column":13},"end":{"line":496,"column":47}},"180":{"start":{"line":499,"column":9},"end":{"line":507,"column":10}},"181":{"start":{"line":501,"column":13},"end":{"line":506,"column":14}},"182":{"start":{"line":502,"column":17},"end":{"line":502,"column":80}},"183":{"start":{"line":503,"column":17},"end":{"line":503,"column":51}},"184":{"start":{"line":505,"column":17},"end":{"line":505,"column":44}},"185":{"start":{"line":509,"column":9},"end":{"line":515,"column":10}},"186":{"start":{"line":510,"column":13},"end":{"line":510,"column":39}},"187":{"start":{"line":511,"column":13},"end":{"line":511,"column":47}},"188":{"start":{"line":513,"column":13},"end":{"line":513,"column":95}},"189":{"start":{"line":514,"column":13},"end":{"line":514,"column":117}},"190":{"start":{"line":517,"column":9},"end":{"line":548,"column":10}},"191":{"start":{"line":518,"column":13},"end":{"line":520,"column":14}},"192":{"start":{"line":519,"column":17},"end":{"line":519,"column":24}},"193":{"start":{"line":521,"column":13},"end":{"line":547,"column":16}},"194":{"start":{"line":522,"column":17},"end":{"line":522,"column":36}},"195":{"start":{"line":524,"column":17},"end":{"line":526,"column":18}},"196":{"start":{"line":525,"column":21},"end":{"line":525,"column":28}},"197":{"start":{"line":527,"column":17},"end":{"line":530,"column":18}},"198":{"start":{"line":528,"column":21},"end":{"line":528,"column":43}},"199":{"start":{"line":529,"column":21},"end":{"line":529,"column":28}},"200":{"start":{"line":532,"column":17},"end":{"line":535,"column":18}},"201":{"start":{"line":533,"column":21},"end":{"line":533,"column":99}},"202":{"start":{"line":534,"column":21},"end":{"line":534,"column":28}},"203":{"start":{"line":536,"column":17},"end":{"line":536,"column":55}},"204":{"start":{"line":537,"column":17},"end":{"line":537,"column":87}},"205":{"start":{"line":539,"column":17},"end":{"line":542,"column":20}},"206":{"start":{"line":540,"column":21},"end":{"line":540,"column":42}},"207":{"start":{"line":541,"column":21},"end":{"line":541,"column":71}},"208":{"start":{"line":546,"column":17},"end":{"line":546,"column":40}},"209":{"start":{"line":550,"column":9},"end":{"line":561,"column":10}},"210":{"start":{"line":551,"column":13},"end":{"line":559,"column":14}},"211":{"start":{"line":552,"column":17},"end":{"line":552,"column":75}},"212":{"start":{"line":553,"column":20},"end":{"line":559,"column":14}},"213":{"start":{"line":554,"column":17},"end":{"line":554,"column":79}},"214":{"start":{"line":555,"column":20},"end":{"line":559,"column":14}},"215":{"start":{"line":556,"column":17},"end":{"line":556,"column":84}},"216":{"start":{"line":557,"column":20},"end":{"line":559,"column":14}},"217":{"start":{"line":558,"column":17},"end":{"line":558,"column":72}},"218":{"start":{"line":560,"column":13},"end":{"line":560,"column":25}},"219":{"start":{"line":563,"column":9},"end":{"line":574,"column":10}},"220":{"start":{"line":564,"column":13},"end":{"line":572,"column":14}},"221":{"start":{"line":565,"column":17},"end":{"line":565,"column":71}},"222":{"start":{"line":566,"column":20},"end":{"line":572,"column":14}},"223":{"start":{"line":567,"column":17},"end":{"line":567,"column":75}},"224":{"start":{"line":568,"column":20},"end":{"line":572,"column":14}},"225":{"start":{"line":569,"column":17},"end":{"line":569,"column":80}},"226":{"start":{"line":570,"column":20},"end":{"line":572,"column":14}},"227":{"start":{"line":571,"column":17},"end":{"line":571,"column":68}},"228":{"start":{"line":573,"column":13},"end":{"line":573,"column":25}},"229":{"start":{"line":576,"column":9},"end":{"line":581,"column":10}},"230":{"start":{"line":577,"column":13},"end":{"line":580,"column":14}},"231":{"start":{"line":578,"column":17},"end":{"line":578,"column":37}},"232":{"start":{"line":579,"column":17},"end":{"line":579,"column":42}},"233":{"start":{"line":583,"column":9},"end":{"line":600,"column":10}},"234":{"start":{"line":584,"column":13},"end":{"line":587,"column":14}},"235":{"start":{"line":585,"column":17},"end":{"line":585,"column":37}},"236":{"start":{"line":586,"column":17},"end":{"line":586,"column":42}},"237":{"start":{"line":588,"column":13},"end":{"line":591,"column":14}},"238":{"start":{"line":589,"column":17},"end":{"line":589,"column":39}},"239":{"start":{"line":590,"column":17},"end":{"line":590,"column":44}},"240":{"start":{"line":592,"column":13},"end":{"line":595,"column":14}},"241":{"start":{"line":593,"column":17},"end":{"line":593,"column":37}},"242":{"start":{"line":594,"column":17},"end":{"line":594,"column":42}},"243":{"start":{"line":596,"column":13},"end":{"line":599,"column":14}},"244":{"start":{"line":597,"column":17},"end":{"line":597,"column":36}},"245":{"start":{"line":598,"column":17},"end":{"line":598,"column":41}},"246":{"start":{"line":611,"column":9},"end":{"line":613,"column":10}},"247":{"start":{"line":612,"column":13},"end":{"line":612,"column":35}},"248":{"start":{"line":624,"column":9},"end":{"line":632,"column":10}},"249":{"start":{"line":625,"column":13},"end":{"line":625,"column":52}},"250":{"start":{"line":626,"column":13},"end":{"line":631,"column":14}},"251":{"start":{"line":627,"column":17},"end":{"line":627,"column":251}},"252":{"start":{"line":628,"column":17},"end":{"line":628,"column":24}},"253":{"start":{"line":630,"column":17},"end":{"line":630,"column":37}},"254":{"start":{"line":642,"column":9},"end":{"line":690,"column":10}},"255":{"start":{"line":644,"column":13},"end":{"line":650,"column":14}},"256":{"start":{"line":646,"column":17},"end":{"line":648,"column":18}},"257":{"start":{"line":647,"column":21},"end":{"line":647,"column":45}},"258":{"start":{"line":649,"column":17},"end":{"line":649,"column":24}},"259":{"start":{"line":651,"column":13},"end":{"line":653,"column":14}},"260":{"start":{"line":652,"column":17},"end":{"line":652,"column":24}},"261":{"start":{"line":654,"column":13},"end":{"line":654,"column":64}},"262":{"start":{"line":660,"column":13},"end":{"line":671,"column":14}},"263":{"start":{"line":661,"column":17},"end":{"line":661,"column":63}},"264":{"start":{"line":662,"column":17},"end":{"line":662,"column":99}},"265":{"start":{"line":663,"column":17},"end":{"line":663,"column":67}},"266":{"start":{"line":666,"column":17},"end":{"line":668,"column":18}},"267":{"start":{"line":667,"column":21},"end":{"line":667,"column":35}},"268":{"start":{"line":670,"c
[...]
                            console.log('back default', options);","\t                                }","\t                        break;","\t                }","\t            } else {","\t                options = defaultTransition;","\t            }","\t            options = angular.copy(options);","\t            $log.debug('[native transition]', options);","\t            var type = options.type;","\t            delete options.type;","\t            $rootScope.$broadcast('ionicNativeTransitions.beforeTransition');","\t","\t            var me = this;","\t            window.plugins.nativepagetransitions[type](options, function () {","\t                transitionSuccess.bind(me, getTransitionDuration(options))();","\t                defer.resolve();","\t            }, function () {","\t                transitionError.bind(me, getTransitionDuration(options))();","\t                defer.reject();","\t            });","\t","\t            return defer.promise;","\t        }","\t","\t        function transitionSuccess(duration) {","\t            setTimeout(function () {","\t                return $rootScope.$broadcast('ionicNativeTransitions.success');","\t            }, duration);","\t        }","\t","\t        function transitionError(duration) {","\t            setTimeout(function () {","\t                return $rootScope.$broadcast('ionicNativeTransitions.error');","\t            }, duration);","\t        }","\t","\t        function getTransitionDuration(options) {","\t            var duration = undefined;","\t            if (options.duration) {","\t                duration = parseInt(options.duration);","\t            } else {","\t                duration = parseInt(getDefaultOptions().duration);","\t            }","\t            if (ionic.Platform.isAndroid()) {","\t                if (options.androiddelay) {","\t                    duration += parseInt(options.androiddelay);","\t                } else {","\t                    duration += parseInt(getDefaultOptions().androiddelay);","\t                }","\t            } else if (ionic.Platform.isIOS()) {","\t                if (options.iosdelay) {","\t                    duration += parseInt(options.iosdelay);","\t                } else {","\t                    duration += parseInt(getDefaultOptions().iosdelay);","\t                }","\t            } else if (ionic.Platform.isWindowsPhone()) {","\t                if (options.winphonedelay) {","\t                    duration += parseInt(options.winphonedelay);","\t                } else {","\t                    duration += parseInt(getDefaultOptions().winphonedelay);","\t                }","\t            }","\t            return duration;","\t        }","\t","\t        function executePendingTransition() {","\t            window.plugins.nativepagetransitions.executePendingTransition();","\t            // $rootScope.$broadcast('ionicNativeTransitions.', executePendingTransition);","\t            registerToStateChangeStartEvent();","\t        }","\t","\t        function disablePendingTransition() {","\t            // If native transition support cancelling transition (> 0.6.4), cancel pending transition","\t            if (window.plugins && window.plugins.nativepagetransitions && angular.isFunction(window.plugins.nativepagetransitions.cancelPendingTransition)) {","\t                window.plugins.nativepagetransitions.cancelPendingTransition();","\t                registerToStateChangeStartEvent();","\t            } else {","\t                executePendingTransition();","\t            }","\t        }","\t","\t        function registerToRouteEvents() {","\t            unregisterToRouteEvents();","\t            registerToStateChangeStartEvent();","\t            // $stateChangeSuccess = $rootScope.$on('$stateChangeSuccess', executePendingTransition);","\t            $stateChangeError = $rootScope.$on('$stateChangeError', disablePendingTransition);","\t            $stateAfterEnter = $rootScope.$on(getDefaultOptions().triggerTransitionEvent, executePendingTransition);","\t        }","\t","\t        function registerToStateChangeStartEvent() {","\t            if ($stateChangeStart) {","\t                return;","\t            }","\t            $stateChangeStart = $rootScope.$on('$stateChangeStart', function (event, toState, toParams, fromState, fromParams, stateOptions) {","\t                var options = null;","\t                // Abort if event was preventDefault'ed","\t                if (event.defaultPrevented) {","\t                    return;","\t                }","\t                if (transitioning) {","\t                    transitioning = false;","\t                    return;","\t                }","\t                // Disable native transition for this state","\t                if (toState.nativeTransitions === null) {","\t                    $log.debug('[native transition] transition disabled for this state', toState);","\t                    return;","\t                }","\t                options = getStateTransition(toState);","\t                $log.debug('[native transition] $stateChangeStart', toState, options);","\t","\t                transition(options).then(function () {","\t                    transitioning = true;","\t                    return $state.go(toState, toParams, stateOptions);","\t                });","\t","\t                // For now, we will interrupt the transition","\t                // We'll call $state.go after transition","\t                event.preventDefault();","\t            });","\t        }","\t","\t        function getBackStateTransition(state) {","\t            if (angular.isObject(state.nativeTransitionsBackIOS) && ionic.Platform.isIOS()) {","\t                return angular.extend({}, state.nativeTransitionsBackIOS);","\t            } else if (angular.isObject(state.nativeTransitionsBackAndroid) && ionic.Platform.isAndroid()) {","\t                return angular.extend({}, state.nativeTransitionsBackAndroid);","\t            } else if (angular.isObject(state.nativeTransitionsBackWindowsPhone) && ionic.Platform.isWindowsPhone()) {","\t                return angular.extend({}, state.nativeTransitionsBackWindowsPhone);","\t            } else if (angular.isObject(state.nativeTransitionsBack)) {","\t                return angular.extend({}, state.nativeTransitionsBack);","\t            }","\t            return null;","\t        }","\t","\t        function getStateTransition(state) {","\t            if (angular.isObject(state.nativeTransitionsIOS) && ionic.Platform.isIOS()) {","\t                return angular.extend({}, state.nativeTransitionsIOS);","\t            } else if (angular.isObject(state.nativeTransitionsAndroid) && ionic.Platform.isAndroid()) {","\t                return angular.extend({}, state.nativeTransitionsAndroid);","\t            } else if (angular.isObject(state.nativeTransitionsWindowsPhone) && ionic.Platform.isWindowsPhone()) {","\t                return angular.extend({}, state.nativeTransitionsWindowsPhone);","\t            } else if (angular.isObject(state.nativeTransitions)) {","\t                return angular.extend({}, state.nativeTransitions);","\t            }","\t            return null;","\t        }","\t","\t        function unregisterToStateChangeStartEvent() {","\t            if ($stateChangeStart && angular.isFunction($stateChangeStart)) {","\t                $stateChangeStart();","\t                $stateChangeStart = null;","\t            }","\t        }","\t","\t        function unregisterToRouteEvents() {","\t            if ($stateChangeStart && angular.isFunction($stateChangeStart)) {","\t                $stateChangeStart();","\t                $stateChangeStart = null;","\t            }","\t            if ($stateChangeSuccess && angular.isFunction($stateChangeSuccess)) {","\t                $stateChangeSuccess();","\t                $stateChangeSuccess = null;","\t            }","\t            if ($stateChangeError && angular.isFunction($stateChangeError)) {","\t                $stateChangeError();","\t                $stateChangeError = null;","\t            }","\t            if ($stateAfterEnter && angular.isFunction($stateAfterEnter)) {","\t                $stateAfterEnter();","\t                $stateAfterEnter = null;","\t            }","\t        }","\t","\t        /**","\t         * @ngdoc function","\t         * @name ionic-native-transitions.$ionicNativeTransitions#getDefaultOptions","\t         * @access public","\t         * @methodOf ionic-native-transitions.$ionicNativeTransitions","\t         *","\t         * @description","\t         * Get default options","\t         */","\t        function getDefaultOptions() {","\t            return defaultOptions;","\t        }","\t","\t        /**","\t         * @ngdoc function","\t         * @name ionic-native-transitions.$ionicNativeTransitions#init","\t         * @access public","\t         * @methodOf ionic-native-transitions.$ionicNativeTransitions","\t         *","\t         * @description","\t         * Init nativepagetransitions plugin","\t         */","\t        function init() {","\t            legacyGoBack = $rootScope.$ionicGoBack;","\t            if (!isEnabled()) {","\t                $log.debug('[native transition] The plugin is either disabled or nativepagetransitions plugin by telerik is not present. If you are getting this message in a browser, this is normal behavior, native transitions only work on device.');","\t                return;","\t            } else {","\t                enableFromService();","\t            }","\t        }","\t","\t        /**","\t         * @ngdoc function","\t         * @name ionic-native-transitions.$ionicNativeTransitions#goBack","\t         * @access public","\t         * @methodOf ionic-native-transitions.$ionicNativeTransitions","\t         * @description Navigate back in the current history stack with a back navigation transition","\t         * @param {number} backCount - The number of views to go back to. default will be the previous view","\t         */","\t        function goBack(backCount) {","\t","\t            if (!$ionicHistory.backView()) {","\t                // Close the app when no more history","\t                if (navigator.app) {","\t                    navigator.app.exitApp();","\t                }","\t                return;","\t            }","\t            if (backCount >= 0) {","\t                return;","\t            }","\t            var stateName = $ionicHistory.backView().stateName;","\t","\t            // Use backCount to find next state only if its defined, else pass as it is to $ionicHistory.goBack","\t            // which defaults to previous view transition","\t            // Get current history stack and find the cursor for the new view","\t            // Based on the new cursor, find the new state to transition to","\t            if (!!backCount && !isNaN(parseInt(backCount))) {","\t                var viewHistory = $ionicHistory.viewHistory();","\t                var currentHistory = viewHistory.histories[$ionicHistory.currentView().historyId];","\t                var newCursor = currentHistory.cursor + backCount;","\t","\t                // If new cursor is more than the max possible or less than zero, default it to first view in history","\t                if (newCursor < 0 || newCursor > currentHistory.stack.length) {","\t                    newCursor = 0;","\t                }","\t","\t                stateName = currentHistory.stack[newCursor].stateName;","\t            }","\t            var currentStateTransition = angular.extend({}, $state.current);","\t            var toStateTransition = angular.extend({}, $state.get(stateName));","\t","\t            unregisterToStateChangeStartEvent();","\t            if (toStateTransition.nativeTransitionsBack === null) {","\t                $log.debug('[native transition] transition disabled for this state', toStateTransition);","\t                return $timeout(function () {","\t                    return $ionicHistory.goBack(backCount);","\t                }).then(function () {","\t                    return registerToStateChangeStartEvent();","\t                });","\t            }","\t            $log.debug('nativepagetransitions goBack', backCount, stateName, currentStateTransition, toStateTransition);","\t            return transition('back', currentStateTransition, toStateTransition).then(function () {","\t                return $timeout(function () {","\t                    return $ionicHistory.goBack(backCount);","\t                });","\t            });","\t        }","\t    }","\t};","\t","\t;","\tmodule.exports = exports['default'];","","/***/ },","/* 2 */","/*!***************************!*\\","  !*** ./lib/nativeSref.js ***!","  \\***************************/","/***/ function(module, exports) {","","\t'use strict';","\t","\tObject.defineProperty(exports, '__esModule', {","\t    value: true","\t});","\t","\texports['default'] = [\"$log\", \"$ionicNativeTransitions\", \"$state\", function ($log, $ionicNativeTransitions, $state) {","\t    'ngInject';","\t","\t    controller.$inject = [\"$scope\", \"$element\", \"$attrs\", \"$state\"];","\t    return {","\t        controller: controller,","\t        restrict: 'A',","\t        scope: false","\t    };","\t","\t    function controller($scope, $element, $attrs, $state) {","\t        'ngInject';","\t","\t        var stateOptions = $scope.$eval($attrs.nativeUiSrefOpts) || {};","\t        var nativeOptions = null;","\t","\t        $attrs.$observe('nativeOptions', function (newOptions) {","\t            var evalOptions = $scope.$eval(newOptions);","\t            nativeOptions = angular.isObject(evalOptions) ? evalOptions : {};","\t        });","\t","\t        $element.on('click', function (event) {","\t            var ref = parseStateRef($attrs.nativeUiSref, $state.current.name);","\t            var params = angular.copy($scope.$eval(ref.paramExpr));","\t            if (!$ionicNativeTransitions.isEnabled()) {","\t                $state.go(ref.state, params, stateOptions);","\t                return;","\t            }","\t","\t            $ionicNativeTransitions.stateGo(ref.state, params, stateOptions, nativeOptions);","\t        });","\t    }","\t}];","\t","\tfunction parseStateRef(ref, current) {","\t    var preparsed = ref.match(/^\\s*({[^}]*})\\s*$/),","\t        parsed;","\t    if (preparsed) ref = current + '(' + preparsed[1] + ')';","\t    parsed = ref.replace(/\\n/g, \" \").match(/^([^(]+?)\\s*(\\((.*)\\))?$/);","\t    if (!parsed || parsed.length !== 4) throw new Error(\"Invalid state ref '\" + ref + \"'\");","\t    return {","\t        state: parsed[1],","\t        paramExpr: parsed[3] || null","\t    };","\t}","\tmodule.exports = exports['default'];","","/***/ },","/* 3 */","/*!********************!*\\","  !*** ./lib/run.js ***!","  \\********************/","/***/ function(module, exports) {","","\t/**","\t * @ngdoc service","\t * @name ionic-native-transitions.$ionicNativeTransitions","\t * @description","\t * ionic-native-transitions service","\t */","\t'use strict';","\t","\tObject.defineProperty(exports, '__esModule', {","\t  value: true","\t});","\t","\texports['default'] = [\"$ionicNativeTransitions\", \"$ionicPlatform\", \"$ionicHistory\", \"$rootScope\", function ($ionicNativeTransitions, $ionicPlatform, $ionicHistory, $rootScope) {","\t  'ngInject';","\t","\t  $ionicPlatform.ready(function () {","\t    $ionicNativeTransitions.init();","\t  });","\t}];","\t","\t;","\tmodule.exports = exports['default'];","\t/**","\t * @ngdoc service","\t * @name ionic-native-transitions.$ionicNativeTransitionsProvider","\t * @description","\t * ionic-native-transitions provider","\t */","","/***/ }","/******/ ])","});",";","//# sourceMappingURL=ionic-native-transitions.js.map"],"l":{"11":2,"12":2,"13":2,"14":0,"15":0,"16":0,"17":0,"19":0,"21":2,"23":2,"26":1,"29":8,"30":0,"33":8,"40":8,"43":6,"46":6,"51":2,"54":2,"57":2,"60":2,"72":2,"76":6,"78":2,"80":2,"82":2,"84":2,"86":2,"88":2,"90":2,"92":0,"93":0,"94":0,"96":0,"97":0,"120":2,"124":2,"125":0,"127":0,"128":0,"159":0,"177":1,"178":0,"180":0,"181":0,"202":1,"203":0,"204":0,"206":0,"219":1,"220":0,"222":0,"223":0,"236":1,"237":0,"239":0,"240":0,"253":1,"254":0,"256":0,"257":0,"260":1,"261":0,"263":0,"267":0,"294":1,"295":0,"296":0,"298":0,"299":0,"300":0,"302":0,"304":0,"305":0,"322":1,"323":0,"324":0,"325":0,"326":0,"328":0,"329":0,"330":0,"333":0,"334":0,"335":0,"338":0,"339":0,"340":0,"341":0,"358":1,"359":0,"360":0,"361":0,"363":0,"364":0,"365":0,"367":0,"369":0,"370":0,"371":0,"372":0,"374":0,"375":0,"376":0,"378":0,"380":0,"381":0,"382":0,"384":0,"385":0,"386":0,"388":0,"391":0,"392":0,"393":0,"395":0,"396":0,"399":0,"402":1,"403":0,"404":0,"405":0,"407":0,"408":0,"409":0,"410":0,"411":0,"414":0,"415":0,"416":0,"418":0,"419":0,"420":0,"421":0,"423":0,"426":0,"427":0,"429":0,"432":0,"434":0,"435":0,"436":0,"437":0,"438":0,"440":0,"441":0,"442":0,"443":0,"445":0,"446":0,"449":0,"452":1,"453":0,"454":0,"458":1,"459":0,"460":0,"464":1,"465":0,"466":0,"467":0,"469":0,"471":0,"472":0,"473":0,"475":0,"477":0,"478":0,"479":0,"481":0,"483":0,"484":0,"485":0,"487":0,"490":0,"493":1,"494":0,"496":0,"499":1,"501":0,"502":0,"503":0,"505":0,"509":1,"510":0,"511":0,"513":0,"514":0,"517":1,"518":0,"519":0,"521":0,"522":0,"524":0,"525":0,"527":0,"528":0,"529":0,"532":0,"533":0,"534":0,"536":0,"537":0,"539":0,"540":0,"541":0,"546":0,"550":1,"551":0,"552":0,"553":0,"554":0,"555":0,"556":0,"557":0,"558":0,"560":0,"563":1,"564":0,"565":0,"566":0,"567":0,"568":0,"569":0,"570":0,"571":0,"573":0,"576":1,"577":0,"578":0,"579":0,"583":1,"584":0,"585":0,"586":0,"588":0,"589":0,"590":0,"592":0,"593":0,"594":0,"596":0,"597":0,"598":0,"611":1,"612":0,"624":1,"625":0,"626":0,"627":0,"628":0,"630":0,"642":1,"644":0,"646":0,"647":0,"649":0,"651":0,"652":0,"654":0,"660":0,"661":0,"662":0,"663":0,"666":0,"667":0,"670":0,"672":0,"673":0,"675":0,"676":0,"677":0,"678":0,"679":0,"681":0,"684":0,"685":0,"686":0,"687":0,"695":2,"706":2,"710":2,"711":0,"713":0,"714":0,"720":1,"721":0,"723":0,"724":0,"726":0,"727":0,"728":0,"731":0,"732":0,"733":0,"734":0,"735":0,"736":0,"739":0,"744":1,"745":0,"747":0,"748":0,"749":0,"750":0,"755":2,"772":2,"776":2,"777":0,"779":0,"780":0,"785":2}},"/home/travis/build/npmtest/node-npmtest-ionic-native-transitions/node_modules/ionic-native-transitions/webpack.config.js":{"path":"/home/travis/build/npmtest/node-npmtest-ionic-native-transitions/node_modules/ionic-native-transitions/webpack.config.js","s":{"1":2,"2":0},"b":{},"f":{},"fnMap":{},"statementMap":{"1":{"start":{"line":1,"column":0},"end":{"line":6,"column":55}},"2":{"start":{"line":8,"column":0},"end":{"line":38,"column":2}}},"branchMap":{},"code":["var path = require('path'),","    testPath = path.join(__dirname, 'test'),","    wwwPath = path.join(__dirname, 'www'),","    docsPath = path.join(__dirname, 'docs'),","    pkg = require('./package.json'),","    HtmlWebpackPlugin = require('html-webpack-plugin');","","module.exports = {","    entry: path.join(testPath, 'index.js'),","    output: {","        path: wwwPath,","        filename: 'test.js'","    },","    module: {","        loaders: [{","            test: /[\\/]angular\\.js$/,","            loader: 'expose?angular!exports?window.angular'","        }, {","            test: /\\.json$/,","            loader: \"json\"","        }, {","            test: /\\.css$/,","            loader: \"style!css\"","        }, {","            test: [/ionicons\\.svg/, /ionicons\\.eot/, /ionicons\\.ttf/, /ionicons\\.woff/],","            loader: 'file?name=fonts/[name].[ext]'","        }, {","            test: /\\.js$/,","            exclude: /(node_modules|bower_components)/,","            loader: \"ng-annotate?add=true!babel\"","        }]","    },","    plugins: [new HtmlWebpackPlugin({","        filename: 'index.html',","        pkg: pkg,","        template: path.join(testPath, 'index.html')","    })]","};",""],"l":{"1":2,"8":0}}}